#
# There is insufficient memory for the Java Runtime Environment to continue.
# Native memory allocation (mmap) failed to map 622854144 bytes for G1 virtual space
# Possible reasons:
#   The system is out of physical RAM or swap space
#   The process is running with CompressedOops enabled, and the Java Heap may be blocking the growth of the native heap
# Possible solutions:
#   Reduce memory load on the system
#   Increase physical memory or swap space
#   Check if swap backing store is full
#   Decrease Java heap size (-Xmx/-Xms)
#   Decrease number of Java threads
#   Decrease Java thread stack sizes (-Xss)
#   Set larger code cache with -XX:ReservedCodeCacheSize=
#   JVM is running with Unscaled Compressed Oops mode in which the Java heap is
#     placed in the first 4GB address space. The Java Heap base address is the
#     maximum limit for the native heap growth. Please use -XX:HeapBaseMinAddress
#     to set the Java Heap base and to place the Java Heap above 4GB virtual address.
# This output file may be truncated or incomplete.
#
#  Out of Memory Error (os_windows.cpp:3550), pid=8368, tid=5472
#
# JRE version: Java(TM) SE Runtime Environment (17.0.8+9) (build 17.0.8+9-LTS-211)
# Java VM: Java HotSpot(TM) 64-Bit Server VM (17.0.8+9-LTS-211, mixed mode, sharing, tiered, compressed oops, compressed class ptrs, g1 gc, windows-amd64)
# No core dump will be written. Minidumps are not enabled by default on client versions of Windows
#

---------------  S U M M A R Y ------------

Command Line: --add-opens=java.base/java.util=ALL-UNNAMED --add-opens=java.base/java.lang=ALL-UNNAMED --add-opens=java.base/java.lang.invoke=ALL-UNNAMED --add-opens=java.prefs/java.util.prefs=ALL-UNNAMED --add-opens=java.base/java.nio.charset=ALL-UNNAMED --add-opens=java.base/java.net=ALL-UNNAMED --add-opens=java.base/java.util.concurrent.atomic=ALL-UNNAMED -Xmx2048m -Dfile.encoding=UTF-8 -Duser.country=IT -Duser.language=it -Duser.variant org.gradle.launcher.daemon.bootstrap.GradleDaemon 8.0

Host: Intel(R) Core(TM) i7-6500U CPU @ 2.50GHz, 4 cores, 7G,  Windows 10 , 64 bit Build 19041 (10.0.19041.3393)
Time: Sat Oct  7 01:17:02 2023 ora legale Europa occidentale elapsed time: 2072.365165 seconds (0d 0h 34m 32s)

---------------  T H R E A D  ---------------

Current thread (0x000002156dc5c720):  VMThread "VM Thread" [stack: 0x0000003870100000,0x0000003870200000] [id=5472]

Stack: [0x0000003870100000,0x0000003870200000]
Native frames: (J=compiled Java code, j=interpreted, Vv=VM code, C=native code)
V  [jvm.dll+0x677d0a]
V  [jvm.dll+0x7d8c54]
V  [jvm.dll+0x7da3fe]
V  [jvm.dll+0x7daa63]
V  [jvm.dll+0x245c5f]
V  [jvm.dll+0x674bb9]
V  [jvm.dll+0x6694f2]
V  [jvm.dll+0x3031d6]
V  [jvm.dll+0x30a756]
V  [jvm.dll+0x359f9e]
V  [jvm.dll+0x35a1cf]
V  [jvm.dll+0x2da3e8]
V  [jvm.dll+0x2d87f5]
V  [jvm.dll+0x2d7dfc]
V  [jvm.dll+0x31b4cb]
V  [jvm.dll+0x7df26b]
V  [jvm.dll+0x7dffa4]
V  [jvm.dll+0x7e04bd]
V  [jvm.dll+0x7e0894]
V  [jvm.dll+0x7e0960]
V  [jvm.dll+0x788bba]
V  [jvm.dll+0x676b35]
C  [ucrtbase.dll+0x21bb2]
C  [KERNEL32.DLL+0x17344]
C  [ntdll.dll+0x526b1]

VM_Operation (0x0000003875ffc280): G1CollectForAllocation, mode: safepoint, requested by thread 0x0000021575606c10


---------------  P R O C E S S  ---------------

Threads class SMR info:
_java_thread_list=0x00000215784e44c0, length=99, elements={
0x000002154e129f90, 0x000002156dc64230, 0x000002156dc64fb0, 0x000002156dc765f0,
0x000002156dc76fb0, 0x000002156dc79980, 0x000002156dc7a240, 0x000002156dc7e330,
0x000002156dc9ecf0, 0x000002156dca1600, 0x00000215720cbb50, 0x00000215720ce030,
0x00000215739fb5e0, 0x00000215742f2090, 0x0000021573e063b0, 0x000002157432b510,
0x000002157432cd20, 0x000002157432b040, 0x000002157432b9e0, 0x000002157432c850,
0x000002157432ab70, 0x0000021575f8a370, 0x0000021575f84800, 0x0000021575f8ad10,
0x0000021575f84cd0, 0x0000021575f88690, 0x00000215759dab20, 0x0000021575f86e80,
0x0000021575f83990, 0x0000021575f89030, 0x0000021575f84330, 0x0000021575f87350,
0x0000021575f8a840, 0x0000021575f89ea0, 0x0000021575f83e60, 0x0000021575f881c0,
0x0000021575f85670, 0x0000021575f87820, 0x0000021575f87cf0, 0x0000021575f88b60,
0x0000021575f86010, 0x0000021575f864e0, 0x0000021577331230, 0x000002157732ebb0,
0x000002157732d870, 0x000002157732c530, 0x000002157732e6e0, 0x000002157732f080,
0x000002157732f550, 0x000002157732fa20, 0x00000215773320a0, 0x0000021577332a40,
0x000002157732fef0, 0x00000215773303c0, 0x0000021577331bd0, 0x00000215759db4c0,
0x00000215759d8e40, 0x00000215759d9310, 0x00000215759d9cb0, 0x00000215759db990,
0x00000215759daff0, 0x00000215759dbe60, 0x00000215759dc330, 0x000002157432e060,
0x000002157432beb0, 0x000002157432db90, 0x000002157432c380, 0x000002157432d1f0,
0x000002157432d6c0, 0x0000021576043570, 0x000002157603d060, 0x000002157603fbb0,
0x0000021576043f10, 0x00000215760430a0, 0x00000215760448b0, 0x0000021576043a40,
0x00000215760443e0, 0x000002157603f6e0, 0x000002157603d530, 0x0000021576040ef0,
0x0000021576041d60, 0x000002157603ded0, 0x0000021576042bd0, 0x0000021576041890,
0x00000215760413c0, 0x000002157603e870, 0x0000021577331700, 0x0000021575606740,
0x0000021575606270, 0x0000021575606c10, 0x000002157560af70, 0x0000021575605da0,
0x00000215756070e0, 0x0000021575609c30, 0x0000021575604590, 0x000002157560a100,
0x0000021575604a60, 0x000002157560a5d0, 0x00000215785322a0
}

Java Threads: ( => current thread )
  0x000002154e129f90 JavaThread "main" [_thread_blocked, id=7988, stack(0x000000386fb00000,0x000000386fc00000)]
  0x000002156dc64230 JavaThread "Reference Handler" daemon [_thread_blocked, id=7128, stack(0x0000003870200000,0x0000003870300000)]
  0x000002156dc64fb0 JavaThread "Finalizer" daemon [_thread_blocked, id=1732, stack(0x0000003870300000,0x0000003870400000)]
  0x000002156dc765f0 JavaThread "Signal Dispatcher" daemon [_thread_blocked, id=9592, stack(0x0000003870400000,0x0000003870500000)]
  0x000002156dc76fb0 JavaThread "Attach Listener" daemon [_thread_blocked, id=9224, stack(0x0000003870500000,0x0000003870600000)]
  0x000002156dc79980 JavaThread "Service Thread" daemon [_thread_blocked, id=5788, stack(0x0000003870600000,0x0000003870700000)]
  0x000002156dc7a240 JavaThread "Monitor Deflation Thread" daemon [_thread_blocked, id=4928, stack(0x0000003870700000,0x0000003870800000)]
  0x000002156dc7e330 JavaThread "C2 CompilerThread0" daemon [_thread_blocked, id=940, stack(0x0000003870800000,0x0000003870900000)]
  0x000002156dc9ecf0 JavaThread "C1 CompilerThread0" daemon [_thread_blocked, id=9024, stack(0x0000003870900000,0x0000003870a00000)]
  0x000002156dca1600 JavaThread "Sweeper thread" daemon [_thread_blocked, id=12140, stack(0x0000003870a00000,0x0000003870b00000)]
  0x00000215720cbb50 JavaThread "Common-Cleaner" daemon [_thread_blocked, id=800, stack(0x0000003870b00000,0x0000003870c00000)]
  0x00000215720ce030 JavaThread "Notification Thread" daemon [_thread_blocked, id=11412, stack(0x0000003870c00000,0x0000003870d00000)]
  0x00000215739fb5e0 JavaThread "Daemon health stats" [_thread_blocked, id=3668, stack(0x0000003871200000,0x0000003871300000)]
  0x00000215742f2090 JavaThread "Incoming local TCP Connector on port 52701" [_thread_in_native, id=11892, stack(0x0000003871300000,0x0000003871400000)]
  0x0000021573e063b0 JavaThread "Daemon periodic checks" [_thread_blocked, id=8568, stack(0x0000003871400000,0x0000003871500000)]
  0x000002157432b510 JavaThread "Cache worker for journal cache (C:\Users\Toyem Ryan\.gradle\caches\journal-1)" [_thread_blocked, id=4496, stack(0x0000003871c00000,0x0000003871d00000)]
  0x000002157432cd20 JavaThread "File lock request listener" [_thread_in_native, id=11348, stack(0x0000003871d00000,0x0000003871e00000)]
  0x000002157432b040 JavaThread "Cache worker for file hash cache (C:\Users\Toyem Ryan\.gradle\caches\8.0\fileHashes)" [_thread_blocked, id=11216, stack(0x0000003871e00000,0x0000003871f00000)]
  0x000002157432b9e0 JavaThread "File watcher server" daemon [_thread_blocked, id=8148, stack(0x0000003871f00000,0x0000003872000000)]
  0x000002157432c850 JavaThread "File watcher consumer" daemon [_thread_blocked, id=7072, stack(0x0000003872000000,0x0000003872100000)]
  0x000002157432ab70 JavaThread "Cache worker for file content cache (C:\Users\Toyem Ryan\.gradle\caches\8.0\fileContent)" [_thread_blocked, id=1488, stack(0x0000003872300000,0x0000003872400000)]
  0x0000021575f8a370 JavaThread "Cache worker for execution history cache (C:\Users\Toyem Ryan\.gradle\caches\8.0\executionHistory)" [_thread_blocked, id=5860, stack(0x0000003872700000,0x0000003872800000)]
  0x0000021575f84800 JavaThread "jar transforms" [_thread_blocked, id=120, stack(0x0000003872800000,0x0000003872900000)]
  0x0000021575f8ad10 JavaThread "jar transforms Thread 2" [_thread_blocked, id=8584, stack(0x0000003872900000,0x0000003872a00000)]
  0x0000021575f84cd0 JavaThread "jar transforms Thread 3" [_thread_blocked, id=11568, stack(0x0000003872a00000,0x0000003872b00000)]
  0x0000021575f88690 JavaThread "jar transforms Thread 4" [_thread_blocked, id=11952, stack(0x0000003872b00000,0x0000003872c00000)]
  0x00000215759dab20 JavaThread "Memory manager" [_thread_blocked, id=11272, stack(0x0000003875700000,0x0000003875800000)]
  0x0000021575f86e80 JavaThread "Daemon Thread 2" [_thread_blocked, id=9336, stack(0x000000386f800000,0x000000386f900000)]
  0x0000021575f83990 JavaThread "Handler for socket connection from /127.0.0.1:52701 to /127.0.0.1:53064" [_thread_in_native, id=2072, stack(0x000000386f900000,0x000000386fa00000)]
  0x0000021575f89030 JavaThread "Cancel handler" [_thread_blocked, id=1896, stack(0x000000386fa00000,0x000000386fb00000)]
  0x0000021575f84330 JavaThread "Daemon worker Thread 2" [_thread_blocked, id=9460, stack(0x0000003871000000,0x0000003871100000)]
  0x0000021575f87350 JavaThread "Asynchronous log dispatcher for DefaultDaemonConnection: socket connection from /127.0.0.1:52701 to /127.0.0.1:53064" [_thread_blocked, id=12236, stack(0x0000003871500000,0x0000003871600000)]
  0x0000021575f8a840 JavaThread "Stdin handler" [_thread_blocked, id=2564, stack(0x0000003871600000,0x0000003871700000)]
  0x0000021575f89ea0 JavaThread "Daemon client event forwarder" [_thread_blocked, id=10480, stack(0x0000003871700000,0x0000003871800000)]
  0x0000021575f83e60 JavaThread "Cache worker for checksums cache (C:\Users\Toyem Ryan\AndroidStudioProjects\MeteoApp\.gradle\8.0\checksums)" [_thread_blocked, id=8536, stack(0x0000003871900000,0x0000003871a00000)]
  0x0000021575f881c0 JavaThread "Cache worker for cache directory md-rule (C:\Users\Toyem Ryan\.gradle\caches\8.0\md-rule)" [_thread_blocked, id=8380, stack(0x0000003871a00000,0x0000003871b00000)]
  0x0000021575f85670 JavaThread "Cache worker for file hash cache (C:\Users\Toyem Ryan\AndroidStudioProjects\MeteoApp\.gradle\8.0\fileHashes)" [_thread_blocked, id=9544, stack(0x0000003871b00000,0x0000003871c00000)]
  0x0000021575f87820 JavaThread "Cache worker for cache directory md-supplier (C:\Users\Toyem Ryan\.gradle\caches\8.0\md-supplier)" [_thread_blocked, id=1492, stack(0x0000003872100000,0x0000003872200000)]
  0x0000021575f87cf0 JavaThread "Cache worker for dependencies-accessors (C:\Users\Toyem Ryan\AndroidStudioProjects\MeteoApp\.gradle\8.0\dependencies-accessors)" [_thread_blocked, id=2216, stack(0x0000003872200000,0x0000003872300000)]
  0x0000021575f88b60 JavaThread "Cache worker for Build Output Cleanup Cache (C:\Users\Toyem Ryan\AndroidStudioProjects\MeteoApp\.gradle\buildOutputCleanup)" [_thread_blocked, id=11928, stack(0x0000003872400000,0x0000003872500000)]
  0x0000021575f86010 JavaThread "Unconstrained build operations" [_thread_blocked, id=3624, stack(0x0000003872600000,0x0000003872700000)]
  0x0000021575f864e0 JavaThread "Unconstrained build operations Thread 2" [_thread_blocked, id=3220, stack(0x0000003872c00000,0x0000003872d00000)]
  0x0000021577331230 JavaThread "Unconstrained build operations Thread 3" [_thread_blocked, id=8284, stack(0x0000003872d00000,0x0000003872e00000)]
  0x000002157732ebb0 JavaThread "Unconstrained build operations Thread 4" [_thread_blocked, id=896, stack(0x0000003872e00000,0x0000003872f00000)]
  0x000002157732d870 JavaThread "Unconstrained build operations Thread 5" [_thread_blocked, id=3796, stack(0x0000003872f00000,0x0000003873000000)]
  0x000002157732c530 JavaThread "Unconstrained build operations Thread 6" [_thread_blocked, id=6428, stack(0x0000003873000000,0x0000003873100000)]
  0x000002157732e6e0 JavaThread "Unconstrained build operations Thread 7" [_thread_blocked, id=11920, stack(0x0000003873100000,0x0000003873200000)]
  0x000002157732f080 JavaThread "Unconstrained build operations Thread 8" [_thread_blocked, id=8076, stack(0x0000003873200000,0x0000003873300000)]
  0x000002157732f550 JavaThread "Unconstrained build operations Thread 9" [_thread_blocked, id=10128, stack(0x0000003873300000,0x0000003873400000)]
  0x000002157732fa20 JavaThread "Unconstrained build operations Thread 10" [_thread_blocked, id=3272, stack(0x0000003873400000,0x0000003873500000)]
  0x00000215773320a0 JavaThread "Unconstrained build operations Thread 11" [_thread_blocked, id=8696, stack(0x0000003873500000,0x0000003873600000)]
  0x0000021577332a40 JavaThread "Unconstrained build operations Thread 12" [_thread_blocked, id=3960, stack(0x0000003873600000,0x0000003873700000)]
  0x000002157732fef0 JavaThread "Unconstrained build operations Thread 13" [_thread_blocked, id=11324, stack(0x0000003873700000,0x0000003873800000)]
  0x00000215773303c0 JavaThread "Unconstrained build operations Thread 14" [_thread_blocked, id=9316, stack(0x0000003873800000,0x0000003873900000)]
  0x0000021577331bd0 JavaThread "Unconstrained build operations Thread 15" [_thread_blocked, id=12260, stack(0x0000003873900000,0x0000003873a00000)]
  0x00000215759db4c0 JavaThread "Unconstrained build operations Thread 16" [_thread_blocked, id=4900, stack(0x0000003873a00000,0x0000003873b00000)]
  0x00000215759d8e40 JavaThread "Unconstrained build operations Thread 17" [_thread_blocked, id=4700, stack(0x0000003873b00000,0x0000003873c00000)]
  0x00000215759d9310 JavaThread "Unconstrained build operations Thread 18" [_thread_blocked, id=6888, stack(0x0000003873c00000,0x0000003873d00000)]
  0x00000215759d9cb0 JavaThread "Unconstrained build operations Thread 19" [_thread_blocked, id=9628, stack(0x0000003873d00000,0x0000003873e00000)]
  0x00000215759db990 JavaThread "Unconstrained build operations Thread 20" [_thread_blocked, id=12256, stack(0x0000003873e00000,0x0000003873f00000)]
  0x00000215759daff0 JavaThread "Unconstrained build operations Thread 21" [_thread_blocked, id=7656, stack(0x0000003873f00000,0x0000003874000000)]
  0x00000215759dbe60 JavaThread "Unconstrained build operations Thread 22" [_thread_blocked, id=11284, stack(0x0000003874000000,0x0000003874100000)]
  0x00000215759dc330 JavaThread "Unconstrained build operations Thread 23" [_thread_blocked, id=1904, stack(0x0000003874100000,0x0000003874200000)]
  0x000002157432e060 JavaThread "Unconstrained build operations Thread 24" [_thread_blocked, id=11404, stack(0x0000003874200000,0x0000003874300000)]
  0x000002157432beb0 JavaThread "Unconstrained build operations Thread 25" [_thread_blocked, id=7716, stack(0x0000003874300000,0x0000003874400000)]
  0x000002157432db90 JavaThread "Unconstrained build operations Thread 26" [_thread_blocked, id=11444, stack(0x0000003874400000,0x0000003874500000)]
  0x000002157432c380 JavaThread "Unconstrained build operations Thread 27" [_thread_blocked, id=11148, stack(0x0000003874500000,0x0000003874600000)]
  0x000002157432d1f0 JavaThread "Unconstrained build operations Thread 28" [_thread_blocked, id=3180, stack(0x0000003874600000,0x0000003874700000)]
  0x000002157432d6c0 JavaThread "Unconstrained build operations Thread 29" [_thread_blocked, id=2204, stack(0x0000003874700000,0x0000003874800000)]
  0x0000021576043570 JavaThread "Unconstrained build operations Thread 30" [_thread_blocked, id=11748, stack(0x0000003874800000,0x0000003874900000)]
  0x000002157603d060 JavaThread "Unconstrained build operations Thread 31" [_thread_blocked, id=1140, stack(0x0000003874900000,0x0000003874a00000)]
  0x000002157603fbb0 JavaThread "Unconstrained build operations Thread 32" [_thread_blocked, id=11608, stack(0x0000003874a00000,0x0000003874b00000)]
  0x0000021576043f10 JavaThread "Unconstrained build operations Thread 33" [_thread_blocked, id=5100, stack(0x0000003874b00000,0x0000003874c00000)]
  0x00000215760430a0 JavaThread "Unconstrained build operations Thread 34" [_thread_blocked, id=8664, stack(0x0000003874c00000,0x0000003874d00000)]
  0x00000215760448b0 JavaThread "Unconstrained build operations Thread 35" [_thread_blocked, id=11960, stack(0x0000003874d00000,0x0000003874e00000)]
  0x0000021576043a40 JavaThread "Unconstrained build operations Thread 36" [_thread_blocked, id=2616, stack(0x0000003874e00000,0x0000003874f00000)]
  0x00000215760443e0 JavaThread "Unconstrained build operations Thread 37" [_thread_blocked, id=12200, stack(0x0000003874f00000,0x0000003875000000)]
  0x000002157603f6e0 JavaThread "Unconstrained build operations Thread 38" [_thread_blocked, id=8160, stack(0x0000003875000000,0x0000003875100000)]
  0x000002157603d530 JavaThread "Unconstrained build operations Thread 39" [_thread_blocked, id=9516, stack(0x0000003875100000,0x0000003875200000)]
  0x0000021576040ef0 JavaThread "Unconstrained build operations Thread 40" [_thread_blocked, id=11504, stack(0x0000003875200000,0x0000003875300000)]
  0x0000021576041d60 JavaThread "build event listener" [_thread_blocked, id=11816, stack(0x0000003875300000,0x0000003875400000)]
  0x000002157603ded0 JavaThread "included builds" [_thread_blocked, id=8452, stack(0x0000003875400000,0x0000003875500000)]
  0x0000021576042bd0 JavaThread "Execution worker" [_thread_blocked, id=2168, stack(0x0000003875500000,0x0000003875600000)]
  0x0000021576041890 JavaThread "Execution worker Thread 2" [_thread_blocked, id=11576, stack(0x0000003875600000,0x0000003875700000)]
  0x00000215760413c0 JavaThread "Execution worker Thread 3" [_thread_blocked, id=1684, stack(0x0000003875800000,0x0000003875900000)]
  0x000002157603e870 JavaThread "Cache worker for execution history cache (C:\Users\Toyem Ryan\AndroidStudioProjects\MeteoApp\.gradle\8.0\executionHistory)" [_thread_blocked, id=9620, stack(0x0000003875900000,0x0000003875a00000)]
  0x0000021577331700 JavaThread "WorkerExecutor Queue" [_thread_blocked, id=12024, stack(0x0000003875c00000,0x0000003875d00000)]
  0x0000021575606740 JavaThread "WorkerExecutor Queue Thread 2" [_thread_blocked, id=4840, stack(0x0000003875d00000,0x0000003875e00000)]
  0x0000021575606270 JavaThread "WorkerExecutor Queue Thread 3" [_thread_blocked, id=2552, stack(0x0000003875e00000,0x0000003875f00000)]
  0x0000021575606c10 JavaThread "WorkerExecutor Queue Thread 4" [_thread_blocked, id=9540, stack(0x0000003875f00000,0x0000003876000000)]
  0x000002157560af70 JavaThread "pool-6-thread-1" [_thread_blocked, id=5104, stack(0x0000003876100000,0x0000003876200000)]
  0x0000021575605da0 JavaThread "stderr" [_thread_in_native, id=10268, stack(0x0000003871800000,0x0000003871900000)]
  0x00000215756070e0 JavaThread "stdout" [_thread_in_native, id=2068, stack(0x0000003876200000,0x0000003876300000)]
  0x0000021575609c30 JavaThread "RMI Scheduler(0)" daemon [_thread_blocked, id=6792, stack(0x0000003876300000,0x0000003876400000)]
  0x0000021575604590 JavaThread "RMI GC Daemon" daemon [_thread_blocked, id=11988, stack(0x0000003876500000,0x0000003876600000)]
  0x000002157560a100 JavaThread "RMI TCP Accept-0" daemon [_thread_in_native, id=2940, stack(0x0000003876600000,0x0000003876700000)]
  0x0000021575604a60 JavaThread "RMI Reaper" [_thread_blocked, id=10904, stack(0x0000003876700000,0x0000003876800000)]
  0x000002157560a5d0 JavaThread "RMI TCP Connection(1)-127.0.0.1" daemon [_thread_in_native, id=5392, stack(0x0000003876900000,0x0000003876a00000)]
  0x00000215785322a0 JavaThread "C2 CompilerThread1" daemon [_thread_blocked, id=5660, stack(0x0000003876000000,0x0000003876100000)]

Other Threads:
=>0x000002156dc5c720 VMThread "VM Thread" [stack: 0x0000003870100000,0x0000003870200000] [id=5472]
  0x00000215720d1120 WatcherThread [stack: 0x0000003870d00000,0x0000003870e00000] [id=9156]
  0x000002155037a4b0 GCTaskThread "GC Thread#0" [stack: 0x000000386fc00000,0x000000386fd00000] [id=2432]
  0x00000215722da470 GCTaskThread "GC Thread#1" [stack: 0x0000003870e00000,0x0000003870f00000] [id=1972]
  0x0000021572572150 GCTaskThread "GC Thread#2" [stack: 0x0000003870f00000,0x0000003871000000] [id=7800]
  0x0000021572e45340 GCTaskThread "GC Thread#3" [stack: 0x0000003871100000,0x0000003871200000] [id=1772]
  0x000002155038c310 ConcurrentGCThread "G1 Main Marker" [stack: 0x000000386fd00000,0x000000386fe00000] [id=5432]
  0x000002155038d3d0 ConcurrentGCThread "G1 Conc#0" [stack: 0x000000386fe00000,0x000000386ff00000] [id=8064]
  0x000002156db20090 ConcurrentGCThread "G1 Refine#0" [stack: 0x000000386ff00000,0x0000003870000000] [id=7712]
  0x0000021574841cd0 ConcurrentGCThread "G1 Refine#1" [stack: 0x0000003872500000,0x0000003872600000] [id=12124]
  0x00000215772f8060 ConcurrentGCThread "G1 Refine#2" [stack: 0x0000003875b00000,0x0000003875c00000] [id=2120]
  0x000002156db219d0 ConcurrentGCThread "G1 Service" [stack: 0x0000003870000000,0x0000003870100000] [id=10096]

Threads with active compile tasks:
C2 CompilerThread0  2072492 20633 % !   4       org.apache.xerces.impl.XMLDocumentFragmentScannerImpl$FragmentContentDispatcher::dispatch @ 0 (1128 bytes)
C2 CompilerThread1  2072493 20632       4       org.apache.xerces.impl.XMLDocumentFragmentScannerImpl::scanStartElement (319 bytes)

VM state: at safepoint (normal execution)

VM Mutex/Monitor currently owned by a thread:  ([mutex/lock_event])
[0x0000021550321190] Threads_lock - owner thread: 0x000002156dc5c720
[0x0000021550320fe0] Heap_lock - owner thread: 0x0000021575606c10

Heap address: 0x0000000080000000, size: 2048 MB, Compressed Oops mode: 32-bit

CDS archive(s) mapped at: [0x0000021500000000-0x0000021500bd0000-0x0000021500bd0000), size 12386304, SharedBaseAddress: 0x0000021500000000, ArchiveRelocationMode: 1.
Compressed class space mapped at: 0x0000021501000000-0x0000021541000000, reserved size: 1073741824
Narrow klass base: 0x0000021500000000, Narrow klass shift: 0, Narrow klass range: 0x100000000

GC Precious Log:
 CPUs: 4 total, 4 available
 Memory: 8059M
 Large Page Support: Disabled
 NUMA Support: Disabled
 Compressed Oops: Enabled (32-bit)
 Heap Region Size: 1M
 Heap Min Capacity: 8M
 Heap Initial Capacity: 126M
 Heap Max Capacity: 2G
 Pre-touch: Disabled
 Parallel Workers: 4
 Concurrent Workers: 1
 Concurrent Refinement Workers: 4
 Periodic GC: Disabled

Heap:
 garbage-first heap   total 304128K, used 206848K [0x0000000080000000, 0x0000000100000000)
  region size 1024K, 2 young (2048K), 2 survivors (2048K)
 Metaspace       used 121807K, committed 122752K, reserved 1179648K
  class space    used 15676K, committed 16128K, reserved 1048576K

Heap Regions: E=young(eden), S=young(survivor), O=old, HS=humongous(starts), HC=humongous(continues), CS=collection set, F=free, OA=open archive, CA=closed archive, TAMS=top-at-mark-start (previous, next)
|   0|0x0000000080000000, 0x0000000080100000, 0x0000000080100000|100%| O|  |TAMS 0x0000000080100000, 0x0000000080000000| Untracked 
|   1|0x0000000080100000, 0x0000000080200000, 0x0000000080200000|100%| O|  |TAMS 0x0000000080200000, 0x0000000080100000| Untracked 
|   2|0x0000000080200000, 0x0000000080300000, 0x0000000080300000|100%|HS|  |TAMS 0x0000000080300000, 0x0000000080200000| Complete 
|   3|0x0000000080300000, 0x0000000080400000, 0x0000000080400000|100%|HC|  |TAMS 0x0000000080400000, 0x0000000080300000| Complete 
|   4|0x0000000080400000, 0x0000000080500000, 0x0000000080500000|100%|HC|  |TAMS 0x0000000080500000, 0x0000000080400000| Complete 
|   5|0x0000000080500000, 0x0000000080600000, 0x0000000080600000|100%|HC|  |TAMS 0x0000000080600000, 0x0000000080500000| Complete 
|   6|0x0000000080600000, 0x0000000080700000, 0x0000000080700000|100%| O|  |TAMS 0x0000000080700000, 0x0000000080600000| Untracked 
|   7|0x0000000080700000, 0x0000000080800000, 0x0000000080800000|100%| O|  |TAMS 0x0000000080800000, 0x0000000080700000| Untracked 
|   8|0x0000000080800000, 0x0000000080900000, 0x0000000080900000|100%| O|  |TAMS 0x0000000080900000, 0x0000000080800000| Untracked 
|   9|0x0000000080900000, 0x0000000080a00000, 0x0000000080a00000|100%| O|  |TAMS 0x0000000080a00000, 0x0000000080900000| Untracked 
|  10|0x0000000080a00000, 0x0000000080b00000, 0x0000000080b00000|100%| O|  |TAMS 0x0000000080b00000, 0x0000000080a00000| Untracked 
|  11|0x0000000080b00000, 0x0000000080c00000, 0x0000000080c00000|100%| O|  |TAMS 0x0000000080c00000, 0x0000000080b00000| Untracked 
|  12|0x0000000080c00000, 0x0000000080d00000, 0x0000000080d00000|100%| O|  |TAMS 0x0000000080d00000, 0x0000000080c00000| Untracked 
|  13|0x0000000080d00000, 0x0000000080e00000, 0x0000000080e00000|100%| O|  |TAMS 0x0000000080e00000, 0x0000000080d00000| Untracked 
|  14|0x0000000080e00000, 0x0000000080f00000, 0x0000000080f00000|100%| O|  |TAMS 0x0000000080f00000, 0x0000000080e00000| Untracked 
|  15|0x0000000080f00000, 0x0000000081000000, 0x0000000081000000|100%| O|  |TAMS 0x0000000081000000, 0x0000000080f00000| Untracked 
|  16|0x0000000081000000, 0x0000000081100000, 0x0000000081100000|100%| O|  |TAMS 0x0000000081100000, 0x0000000081000000| Untracked 
|  17|0x0000000081100000, 0x0000000081200000, 0x0000000081200000|100%| O|  |TAMS 0x0000000081200000, 0x0000000081100000| Untracked 
|  18|0x0000000081200000, 0x0000000081300000, 0x0000000081300000|100%| O|  |TAMS 0x0000000081300000, 0x0000000081200000| Untracked 
|  19|0x0000000081300000, 0x0000000081400000, 0x0000000081400000|100%| O|  |TAMS 0x0000000081400000, 0x0000000081300000| Untracked 
|  20|0x0000000081400000, 0x0000000081400000, 0x0000000081500000|  0%| F|  |TAMS 0x0000000081400000, 0x0000000081400000| Untracked 
|  21|0x0000000081500000, 0x0000000081600000, 0x0000000081600000|100%| O|  |TAMS 0x0000000081600000, 0x0000000081500000| Untracked 
|  22|0x0000000081600000, 0x0000000081700000, 0x0000000081700000|100%| O|  |TAMS 0x0000000081700000, 0x0000000081600000| Untracked 
|  23|0x0000000081700000, 0x0000000081800000, 0x0000000081800000|100%| O|  |TAMS 0x0000000081800000, 0x0000000081700000| Untracked 
|  24|0x0000000081800000, 0x0000000081900000, 0x0000000081900000|100%| O|  |TAMS 0x0000000081900000, 0x0000000081800000| Untracked 
|  25|0x0000000081900000, 0x0000000081a00000, 0x0000000081a00000|100%| O|  |TAMS 0x0000000081a00000, 0x0000000081900000| Untracked 
|  26|0x0000000081a00000, 0x0000000081b00000, 0x0000000081b00000|100%| O|  |TAMS 0x0000000081b00000, 0x0000000081a00000| Untracked 
|  27|0x0000000081b00000, 0x0000000081c00000, 0x0000000081c00000|100%| O|  |TAMS 0x0000000081c00000, 0x0000000081b00000| Untracked 
|  28|0x0000000081c00000, 0x0000000081d00000, 0x0000000081d00000|100%| O|  |TAMS 0x0000000081d00000, 0x0000000081c00000| Untracked 
|  29|0x0000000081d00000, 0x0000000081e00000, 0x0000000081e00000|100%| O|  |TAMS 0x0000000081e00000, 0x0000000081d00000| Untracked 
|  30|0x0000000081e00000, 0x0000000081f00000, 0x0000000081f00000|100%|HS|  |TAMS 0x0000000081f00000, 0x0000000081e00000| Complete 
|  31|0x0000000081f00000, 0x0000000082000000, 0x0000000082000000|100%|HS|  |TAMS 0x0000000082000000, 0x0000000081f00000| Complete 
|  32|0x0000000082000000, 0x0000000082100000, 0x0000000082100000|100%|HS|  |TAMS 0x0000000082100000, 0x0000000082000000| Complete 
|  33|0x0000000082100000, 0x0000000082200000, 0x0000000082200000|100%| O|  |TAMS 0x0000000082200000, 0x0000000082100000| Untracked 
|  34|0x0000000082200000, 0x0000000082300000, 0x0000000082300000|100%| O|  |TAMS 0x0000000082300000, 0x0000000082200000| Untracked 
|  35|0x0000000082300000, 0x0000000082400000, 0x0000000082400000|100%| O|  |TAMS 0x0000000082400000, 0x0000000082300000| Untracked 
|  36|0x0000000082400000, 0x0000000082500000, 0x0000000082500000|100%| O|  |TAMS 0x0000000082500000, 0x0000000082400000| Untracked 
|  37|0x0000000082500000, 0x0000000082600000, 0x0000000082600000|100%|HS|  |TAMS 0x0000000082600000, 0x0000000082500000| Complete 
|  38|0x0000000082600000, 0x0000000082700000, 0x0000000082700000|100%|HC|  |TAMS 0x0000000082700000, 0x0000000082600000| Complete 
|  39|0x0000000082700000, 0x0000000082800000, 0x0000000082800000|100%| O|  |TAMS 0x0000000082800000, 0x0000000082700000| Untracked 
|  40|0x0000000082800000, 0x0000000082900000, 0x0000000082900000|100%| O|  |TAMS 0x0000000082900000, 0x0000000082800000| Untracked 
|  41|0x0000000082900000, 0x0000000082a00000, 0x0000000082a00000|100%| O|  |TAMS 0x0000000082a00000, 0x0000000082900000| Untracked 
|  42|0x0000000082a00000, 0x0000000082b00000, 0x0000000082b00000|100%| O|  |TAMS 0x0000000082b00000, 0x0000000082a00000| Untracked 
|  43|0x0000000082b00000, 0x0000000082c00000, 0x0000000082c00000|100%| O|  |TAMS 0x0000000082c00000, 0x0000000082b00000| Untracked 
|  44|0x0000000082c00000, 0x0000000082d00000, 0x0000000082d00000|100%|HS|  |TAMS 0x0000000082d00000, 0x0000000082c00000| Complete 
|  45|0x0000000082d00000, 0x0000000082e00000, 0x0000000082e00000|100%|HC|  |TAMS 0x0000000082e00000, 0x0000000082d00000| Complete 
|  46|0x0000000082e00000, 0x0000000082f00000, 0x0000000082f00000|100%|HC|  |TAMS 0x0000000082f00000, 0x0000000082e00000| Complete 
|  47|0x0000000082f00000, 0x0000000083000000, 0x0000000083000000|100%|HC|  |TAMS 0x0000000083000000, 0x0000000082f00000| Complete 
|  48|0x0000000083000000, 0x0000000083100000, 0x0000000083100000|100%| O|  |TAMS 0x0000000083100000, 0x0000000083000000| Untracked 
|  49|0x0000000083100000, 0x0000000083200000, 0x0000000083200000|100%| O|  |TAMS 0x0000000083200000, 0x0000000083100000| Untracked 
|  50|0x0000000083200000, 0x0000000083300000, 0x0000000083300000|100%| O|  |TAMS 0x0000000083300000, 0x0000000083200000| Untracked 
|  51|0x0000000083300000, 0x0000000083400000, 0x0000000083400000|100%| O|  |TAMS 0x0000000083400000, 0x0000000083300000| Untracked 
|  52|0x0000000083400000, 0x0000000083500000, 0x0000000083500000|100%| O|  |TAMS 0x0000000083500000, 0x0000000083400000| Untracked 
|  53|0x0000000083500000, 0x0000000083600000, 0x0000000083600000|100%| O|  |TAMS 0x0000000083600000, 0x0000000083500000| Untracked 
|  54|0x0000000083600000, 0x0000000083700000, 0x0000000083700000|100%| O|  |TAMS 0x0000000083600000, 0x0000000083600000| Untracked 
|  55|0x0000000083700000, 0x0000000083800000, 0x0000000083800000|100%| O|  |TAMS 0x0000000083800000, 0x0000000083700000| Untracked 
|  56|0x0000000083800000, 0x0000000083900000, 0x0000000083900000|100%| O|  |TAMS 0x0000000083900000, 0x0000000083800000| Untracked 
|  57|0x0000000083900000, 0x0000000083a00000, 0x0000000083a00000|100%| O|  |TAMS 0x0000000083a00000, 0x0000000083900000| Untracked 
|  58|0x0000000083a00000, 0x0000000083b00000, 0x0000000083b00000|100%| O|  |TAMS 0x0000000083b00000, 0x0000000083a00000| Untracked 
|  59|0x0000000083b00000, 0x0000000083c00000, 0x0000000083c00000|100%| O|  |TAMS 0x0000000083c00000, 0x0000000083b00000| Untracked 
|  60|0x0000000083c00000, 0x0000000083d00000, 0x0000000083d00000|100%| O|  |TAMS 0x0000000083d00000, 0x0000000083c00000| Untracked 
|  61|0x0000000083d00000, 0x0000000083e00000, 0x0000000083e00000|100%| O|  |TAMS 0x0000000083d00000, 0x0000000083d00000| Untracked 
|  62|0x0000000083e00000, 0x0000000083f00000, 0x0000000083f00000|100%| O|  |TAMS 0x0000000083f00000, 0x0000000083e00000| Untracked 
|  63|0x0000000083f00000, 0x0000000084000000, 0x0000000084000000|100%| O|  |TAMS 0x0000000084000000, 0x0000000083f00000| Untracked 
|  64|0x0000000084000000, 0x0000000084100000, 0x0000000084100000|100%| O|  |TAMS 0x0000000084100000, 0x0000000084000000| Untracked 
|  65|0x0000000084100000, 0x0000000084200000, 0x0000000084200000|100%| O|  |TAMS 0x0000000084200000, 0x0000000084100000| Untracked 
|  66|0x0000000084200000, 0x0000000084300000, 0x0000000084300000|100%| O|  |TAMS 0x0000000084300000, 0x0000000084200000| Untracked 
|  67|0x0000000084300000, 0x0000000084400000, 0x0000000084400000|100%| O|  |TAMS 0x0000000084400000, 0x0000000084300000| Untracked 
|  68|0x0000000084400000, 0x0000000084500000, 0x0000000084500000|100%| O|  |TAMS 0x0000000084500000, 0x0000000084400000| Untracked 
|  69|0x0000000084500000, 0x0000000084600000, 0x0000000084600000|100%| O|  |TAMS 0x0000000084600000, 0x0000000084500000| Untracked 
|  70|0x0000000084600000, 0x0000000084600000, 0x0000000084700000|  0%| F|  |TAMS 0x0000000084600000, 0x0000000084600000| Untracked 
|  71|0x0000000084700000, 0x0000000084800000, 0x0000000084800000|100%| O|  |TAMS 0x0000000084800000, 0x0000000084700000| Untracked 
|  72|0x0000000084800000, 0x0000000084900000, 0x0000000084900000|100%| O|  |TAMS 0x0000000084900000, 0x0000000084800000| Untracked 
|  73|0x0000000084900000, 0x0000000084a00000, 0x0000000084a00000|100%| O|  |TAMS 0x0000000084900000, 0x0000000084900000| Untracked 
|  74|0x0000000084a00000, 0x0000000084b00000, 0x0000000084b00000|100%| O|  |TAMS 0x0000000084b00000, 0x0000000084a00000| Untracked 
|  75|0x0000000084b00000, 0x0000000084c00000, 0x0000000084c00000|100%| O|  |TAMS 0x0000000084c00000, 0x0000000084b00000| Untracked 
|  76|0x0000000084c00000, 0x0000000084d00000, 0x0000000084d00000|100%| O|  |TAMS 0x0000000084d00000, 0x0000000084c00000| Untracked 
|  77|0x0000000084d00000, 0x0000000084e00000, 0x0000000084e00000|100%| O|  |TAMS 0x0000000084e00000, 0x0000000084d00000| Untracked 
|  78|0x0000000084e00000, 0x0000000084f00000, 0x0000000084f00000|100%| O|  |TAMS 0x0000000084f00000, 0x0000000084e00000| Untracked 
|  79|0x0000000084f00000, 0x0000000085000000, 0x0000000085000000|100%| O|  |TAMS 0x0000000085000000, 0x0000000084f00000| Untracked 
|  80|0x0000000085000000, 0x0000000085100000, 0x0000000085100000|100%| O|  |TAMS 0x0000000085100000, 0x0000000085000000| Untracked 
|  81|0x0000000085100000, 0x0000000085200000, 0x0000000085200000|100%| O|  |TAMS 0x0000000085200000, 0x0000000085100000| Untracked 
|  82|0x0000000085200000, 0x0000000085300000, 0x0000000085300000|100%| O|  |TAMS 0x0000000085300000, 0x0000000085200000| Untracked 
|  83|0x0000000085300000, 0x0000000085400000, 0x0000000085400000|100%| O|  |TAMS 0x0000000085400000, 0x0000000085300000| Untracked 
|  84|0x0000000085400000, 0x0000000085500000, 0x0000000085500000|100%| O|  |TAMS 0x0000000085500000, 0x0000000085400000| Untracked 
|  85|0x0000000085500000, 0x0000000085600000, 0x0000000085600000|100%| O|  |TAMS 0x0000000085600000, 0x0000000085500000| Untracked 
|  86|0x0000000085600000, 0x0000000085700000, 0x0000000085700000|100%| O|  |TAMS 0x0000000085700000, 0x0000000085600000| Untracked 
|  87|0x0000000085700000, 0x0000000085800000, 0x0000000085800000|100%| O|  |TAMS 0x0000000085800000, 0x0000000085700000| Untracked 
|  88|0x0000000085800000, 0x0000000085900000, 0x0000000085900000|100%| O|  |TAMS 0x0000000085900000, 0x0000000085800000| Untracked 
|  89|0x0000000085900000, 0x0000000085a00000, 0x0000000085a00000|100%| O|  |TAMS 0x0000000085a00000, 0x0000000085900000| Untracked 
|  90|0x0000000085a00000, 0x0000000085b00000, 0x0000000085b00000|100%| O|  |TAMS 0x0000000085b00000, 0x0000000085a00000| Untracked 
|  91|0x0000000085b00000, 0x0000000085c00000, 0x0000000085c00000|100%|HS|  |TAMS 0x0000000085c00000, 0x0000000085b00000| Complete 
|  92|0x0000000085c00000, 0x0000000085d00000, 0x0000000085d00000|100%|HC|  |TAMS 0x0000000085d00000, 0x0000000085c00000| Complete 
|  93|0x0000000085d00000, 0x0000000085e00000, 0x0000000085e00000|100%| O|  |TAMS 0x0000000085e00000, 0x0000000085d00000| Untracked 
|  94|0x0000000085e00000, 0x0000000085f00000, 0x0000000085f00000|100%| O|  |TAMS 0x0000000085e00000, 0x0000000085e00000| Untracked 
|  95|0x0000000085f00000, 0x0000000086000000, 0x0000000086000000|100%| O|  |TAMS 0x0000000086000000, 0x0000000085f00000| Untracked 
|  96|0x0000000086000000, 0x0000000086000000, 0x0000000086100000|  0%| F|  |TAMS 0x0000000086000000, 0x0000000086000000| Untracked 
|  97|0x0000000086100000, 0x0000000086200000, 0x0000000086200000|100%| O|  |TAMS 0x0000000086200000, 0x0000000086100000| Untracked 
|  98|0x0000000086200000, 0x0000000086300000, 0x0000000086300000|100%| O|  |TAMS 0x0000000086300000, 0x0000000086200000| Untracked 
|  99|0x0000000086300000, 0x0000000086400000, 0x0000000086400000|100%| O|  |TAMS 0x0000000086400000, 0x0000000086300000| Untracked 
| 100|0x0000000086400000, 0x0000000086500000, 0x0000000086500000|100%| O|  |TAMS 0x0000000086500000, 0x0000000086400000| Untracked 
| 101|0x0000000086500000, 0x0000000086600000, 0x0000000086600000|100%| O|  |TAMS 0x0000000086600000, 0x0000000086500000| Untracked 
| 102|0x0000000086600000, 0x0000000086600000, 0x0000000086700000|  0%| F|  |TAMS 0x0000000086600000, 0x0000000086600000| Untracked 
| 103|0x0000000086700000, 0x0000000086800000, 0x0000000086800000|100%| O|  |TAMS 0x0000000086800000, 0x0000000086700000| Untracked 
| 104|0x0000000086800000, 0x0000000086900000, 0x0000000086900000|100%|HS|  |TAMS 0x0000000086900000, 0x0000000086800000| Complete 
| 105|0x0000000086900000, 0x0000000086a00000, 0x0000000086a00000|100%|HC|  |TAMS 0x0000000086a00000, 0x0000000086900000| Complete 
| 106|0x0000000086a00000, 0x0000000086b00000, 0x0000000086b00000|100%|HC|  |TAMS 0x0000000086b00000, 0x0000000086a00000| Complete 
| 107|0x0000000086b00000, 0x0000000086c00000, 0x0000000086c00000|100%|HC|  |TAMS 0x0000000086c00000, 0x0000000086b00000| Complete 
| 108|0x0000000086c00000, 0x0000000086d00000, 0x0000000086d00000|100%| O|  |TAMS 0x0000000086d00000, 0x0000000086c00000| Untracked 
| 109|0x0000000086d00000, 0x0000000086e00000, 0x0000000086e00000|100%| O|  |TAMS 0x0000000086e00000, 0x0000000086d00000| Untracked 
| 110|0x0000000086e00000, 0x0000000086f00000, 0x0000000086f00000|100%| O|  |TAMS 0x0000000086f00000, 0x0000000086e00000| Untracked 
| 111|0x0000000086f00000, 0x0000000087000000, 0x0000000087000000|100%| O|  |TAMS 0x0000000087000000, 0x0000000086f00000| Untracked 
| 112|0x0000000087000000, 0x0000000087100000, 0x0000000087100000|100%| O|  |TAMS 0x0000000087100000, 0x0000000087000000| Untracked 
| 113|0x0000000087100000, 0x0000000087200000, 0x0000000087200000|100%| O|  |TAMS 0x0000000087200000, 0x0000000087100000| Untracked 
| 114|0x0000000087200000, 0x0000000087300000, 0x0000000087300000|100%| O|  |TAMS 0x0000000087300000, 0x0000000087200000| Untracked 
| 115|0x0000000087300000, 0x0000000087400000, 0x0000000087400000|100%| O|  |TAMS 0x0000000087400000, 0x0000000087300000| Untracked 
| 116|0x0000000087400000, 0x0000000087500000, 0x0000000087500000|100%| O|  |TAMS 0x0000000087500000, 0x0000000087400000| Untracked 
| 117|0x0000000087500000, 0x0000000087600000, 0x0000000087600000|100%| O|  |TAMS 0x0000000087600000, 0x0000000087500000| Untracked 
| 118|0x0000000087600000, 0x0000000087700000, 0x0000000087700000|100%| O|  |TAMS 0x0000000087700000, 0x0000000087600000| Untracked 
| 119|0x0000000087700000, 0x0000000087800000, 0x0000000087800000|100%| O|  |TAMS 0x0000000087800000, 0x0000000087700000| Untracked 
| 120|0x0000000087800000, 0x0000000087900000, 0x0000000087900000|100%| O|  |TAMS 0x0000000087900000, 0x0000000087800000| Untracked 
| 121|0x0000000087900000, 0x0000000087a00000, 0x0000000087a00000|100%| O|  |TAMS 0x0000000087a00000, 0x0000000087900000| Untracked 
| 122|0x0000000087a00000, 0x0000000087b00000, 0x0000000087b00000|100%| O|  |TAMS 0x0000000087b00000, 0x0000000087a00000| Untracked 
| 123|0x0000000087b00000, 0x0000000087c00000, 0x0000000087c00000|100%| O|  |TAMS 0x0000000087c00000, 0x0000000087b00000| Untracked 
| 124|0x0000000087c00000, 0x0000000087d00000, 0x0000000087d00000|100%| O|  |TAMS 0x0000000087d00000, 0x0000000087c00000| Untracked 
| 125|0x0000000087d00000, 0x0000000087e00000, 0x0000000087e00000|100%| O|  |TAMS 0x0000000087e00000, 0x0000000087d00000| Untracked 
| 126|0x0000000087e00000, 0x0000000087f00000, 0x0000000087f00000|100%| O|  |TAMS 0x0000000087f00000, 0x0000000087e00000| Untracked 
| 127|0x0000000087f00000, 0x0000000088000000, 0x0000000088000000|100%| O|  |TAMS 0x0000000088000000, 0x0000000087f00000| Untracked 
| 128|0x0000000088000000, 0x0000000088100000, 0x0000000088100000|100%| O|  |TAMS 0x00000000880c1800, 0x0000000088000000| Untracked 
| 129|0x0000000088100000, 0x0000000088200000, 0x0000000088200000|100%|HS|  |TAMS 0x0000000088100000, 0x0000000088100000| Complete 
| 130|0x0000000088200000, 0x0000000088300000, 0x0000000088300000|100%|HC|  |TAMS 0x0000000088200000, 0x0000000088200000| Complete 
| 131|0x0000000088300000, 0x0000000088400000, 0x0000000088400000|100%| O|  |TAMS 0x0000000088400000, 0x0000000088300000| Untracked 
| 132|0x0000000088400000, 0x0000000088500000, 0x0000000088500000|100%| O|  |TAMS 0x0000000088500000, 0x0000000088400000| Untracked 
| 133|0x0000000088500000, 0x0000000088600000, 0x0000000088600000|100%| O|  |TAMS 0x0000000088600000, 0x0000000088500000| Untracked 
| 134|0x0000000088600000, 0x0000000088700000, 0x0000000088700000|100%| O|  |TAMS 0x0000000088700000, 0x0000000088600000| Untracked 
| 135|0x0000000088700000, 0x0000000088800000, 0x0000000088800000|100%| O|  |TAMS 0x0000000088800000, 0x0000000088700000| Untracked 
| 136|0x0000000088800000, 0x0000000088800000, 0x0000000088900000|  0%| F|  |TAMS 0x0000000088800000, 0x0000000088800000| Untracked 
| 137|0x0000000088900000, 0x0000000088900000, 0x0000000088a00000|  0%| F|  |TAMS 0x0000000088900000, 0x0000000088900000| Untracked 
| 138|0x0000000088a00000, 0x0000000088b00000, 0x0000000088b00000|100%| O|  |TAMS 0x0000000088a00000, 0x0000000088a00000| Untracked 
| 139|0x0000000088b00000, 0x0000000088c00000, 0x0000000088c00000|100%| O|  |TAMS 0x0000000088b00000, 0x0000000088b00000| Untracked 
| 140|0x0000000088c00000, 0x0000000088d00000, 0x0000000088d00000|100%| O|  |TAMS 0x0000000088d00000, 0x0000000088c00000| Untracked 
| 141|0x0000000088d00000, 0x0000000088e00000, 0x0000000088e00000|100%| O|  |TAMS 0x0000000088e00000, 0x0000000088d00000| Untracked 
| 142|0x0000000088e00000, 0x0000000088f00000, 0x0000000088f00000|100%| O|  |TAMS 0x0000000088f00000, 0x0000000088e00000| Untracked 
| 143|0x0000000088f00000, 0x0000000089000000, 0x0000000089000000|100%| O|  |TAMS 0x0000000089000000, 0x0000000088f00000| Untracked 
| 144|0x0000000089000000, 0x0000000089100000, 0x0000000089100000|100%| O|  |TAMS 0x0000000089100000, 0x0000000089000000| Untracked 
| 145|0x0000000089100000, 0x0000000089200000, 0x0000000089200000|100%| O|  |TAMS 0x0000000089200000, 0x0000000089100000| Untracked 
| 146|0x0000000089200000, 0x0000000089300000, 0x0000000089300000|100%| O|  |TAMS 0x0000000089300000, 0x0000000089200000| Untracked 
| 147|0x0000000089300000, 0x0000000089400000, 0x0000000089400000|100%| O|  |TAMS 0x0000000089300000, 0x0000000089300000| Untracked 
| 148|0x0000000089400000, 0x0000000089500000, 0x0000000089500000|100%| O|  |TAMS 0x0000000089400000, 0x0000000089400000| Untracked 
| 149|0x0000000089500000, 0x0000000089600000, 0x0000000089600000|100%| O|  |TAMS 0x0000000089600000, 0x0000000089500000| Untracked 
| 150|0x0000000089600000, 0x0000000089700000, 0x0000000089700000|100%| O|  |TAMS 0x0000000089600000, 0x0000000089600000| Untracked 
| 151|0x0000000089700000, 0x0000000089800000, 0x0000000089800000|100%| O|  |TAMS 0x0000000089700000, 0x0000000089700000| Untracked 
| 152|0x0000000089800000, 0x0000000089900000, 0x0000000089900000|100%| O|  |TAMS 0x0000000089800000, 0x0000000089800000| Untracked 
| 153|0x0000000089900000, 0x0000000089a00000, 0x0000000089a00000|100%| O|  |TAMS 0x0000000089900000, 0x0000000089900000| Untracked 
| 154|0x0000000089a00000, 0x0000000089b00000, 0x0000000089b00000|100%| O|  |TAMS 0x0000000089a00000, 0x0000000089a00000| Untracked 
| 155|0x0000000089b00000, 0x0000000089c00000, 0x0000000089c00000|100%| O|  |TAMS 0x0000000089b00000, 0x0000000089b00000| Untracked 
| 156|0x0000000089c00000, 0x0000000089d00000, 0x0000000089d00000|100%| O|  |TAMS 0x0000000089c00000, 0x0000000089c00000| Untracked 
| 157|0x0000000089d00000, 0x0000000089e00000, 0x0000000089e00000|100%| O|  |TAMS 0x0000000089d00000, 0x0000000089d00000| Untracked 
| 158|0x0000000089e00000, 0x0000000089f00000, 0x0000000089f00000|100%| O|  |TAMS 0x0000000089f00000, 0x0000000089e00000| Untracked 
| 159|0x0000000089f00000, 0x000000008a000000, 0x000000008a000000|100%| O|  |TAMS 0x000000008a000000, 0x0000000089f00000| Untracked 
| 160|0x000000008a000000, 0x000000008a100000, 0x000000008a100000|100%| O|  |TAMS 0x000000008a100000, 0x000000008a000000| Untracked 
| 161|0x000000008a100000, 0x000000008a200000, 0x000000008a200000|100%| O|  |TAMS 0x000000008a200000, 0x000000008a100000| Untracked 
| 162|0x000000008a200000, 0x000000008a300000, 0x000000008a300000|100%| O|  |TAMS 0x000000008a300000, 0x000000008a200000| Untracked 
| 163|0x000000008a300000, 0x000000008a400000, 0x000000008a400000|100%| O|  |TAMS 0x000000008a400000, 0x000000008a300000| Untracked 
| 164|0x000000008a400000, 0x000000008a500000, 0x000000008a500000|100%| O|  |TAMS 0x000000008a500000, 0x000000008a400000| Untracked 
| 165|0x000000008a500000, 0x000000008a600000, 0x000000008a600000|100%| O|  |TAMS 0x000000008a600000, 0x000000008a500000| Untracked 
| 166|0x000000008a600000, 0x000000008a700000, 0x000000008a700000|100%| O|  |TAMS 0x000000008a700000, 0x000000008a600000| Untracked 
| 167|0x000000008a700000, 0x000000008a800000, 0x000000008a800000|100%| O|  |TAMS 0x000000008a800000, 0x000000008a700000| Untracked 
| 168|0x000000008a800000, 0x000000008a900000, 0x000000008a900000|100%| O|  |TAMS 0x000000008a900000, 0x000000008a800000| Untracked 
| 169|0x000000008a900000, 0x000000008aa00000, 0x000000008aa00000|100%| O|  |TAMS 0x000000008aa00000, 0x000000008a900000| Untracked 
| 170|0x000000008aa00000, 0x000000008ab00000, 0x000000008ab00000|100%| O|  |TAMS 0x000000008aa00000, 0x000000008aa00000| Untracked 
| 171|0x000000008ab00000, 0x000000008ac00000, 0x000000008ac00000|100%| O|  |TAMS 0x000000008ab00000, 0x000000008ab00000| Untracked 
| 172|0x000000008ac00000, 0x000000008ad00000, 0x000000008ad00000|100%| O|  |TAMS 0x000000008ac00000, 0x000000008ac00000| Untracked 
| 173|0x000000008ad00000, 0x000000008ae00000, 0x000000008ae00000|100%| O|  |TAMS 0x000000008ad00000, 0x000000008ad00000| Untracked 
| 174|0x000000008ae00000, 0x000000008af00000, 0x000000008af00000|100%| O|  |TAMS 0x000000008ae00000, 0x000000008ae00000| Untracked 
| 175|0x000000008af00000, 0x000000008b000000, 0x000000008b000000|100%| O|  |TAMS 0x000000008af00000, 0x000000008af00000| Untracked 
| 176|0x000000008b000000, 0x000000008b100000, 0x000000008b100000|100%| O|  |TAMS 0x000000008b000000, 0x000000008b000000| Untracked 
| 177|0x000000008b100000, 0x000000008b200000, 0x000000008b200000|100%| O|  |TAMS 0x000000008b100000, 0x000000008b100000| Untracked 
| 178|0x000000008b200000, 0x000000008b300000, 0x000000008b300000|100%| O|  |TAMS 0x000000008b200000, 0x000000008b200000| Untracked 
| 179|0x000000008b300000, 0x000000008b400000, 0x000000008b400000|100%| O|  |TAMS 0x000000008b300000, 0x000000008b300000| Untracked 
| 180|0x000000008b400000, 0x000000008b500000, 0x000000008b500000|100%| O|  |TAMS 0x000000008b400000, 0x000000008b400000| Untracked 
| 181|0x000000008b500000, 0x000000008b600000, 0x000000008b600000|100%| O|  |TAMS 0x000000008b500000, 0x000000008b500000| Untracked 
| 182|0x000000008b600000, 0x000000008b700000, 0x000000008b700000|100%| O|  |TAMS 0x000000008b600000, 0x000000008b600000| Untracked 
| 183|0x000000008b700000, 0x000000008b800000, 0x000000008b800000|100%| O|  |TAMS 0x000000008b700000, 0x000000008b700000| Untracked 
| 184|0x000000008b800000, 0x000000008b900000, 0x000000008b900000|100%| O|  |TAMS 0x000000008b800000, 0x000000008b800000| Untracked 
| 185|0x000000008b900000, 0x000000008ba00000, 0x000000008ba00000|100%| O|  |TAMS 0x000000008b900000, 0x000000008b900000| Untracked 
| 186|0x000000008ba00000, 0x000000008bb00000, 0x000000008bb00000|100%| O|  |TAMS 0x000000008ba00000, 0x000000008ba00000| Untracked 
| 187|0x000000008bb00000, 0x000000008bc00000, 0x000000008bc00000|100%| O|  |TAMS 0x000000008bb00000, 0x000000008bb00000| Untracked 
| 188|0x000000008bc00000, 0x000000008bd00000, 0x000000008bd00000|100%| O|  |TAMS 0x000000008bc00000, 0x000000008bc00000| Untracked 
| 189|0x000000008bd00000, 0x000000008be00000, 0x000000008be00000|100%| O|  |TAMS 0x000000008bd00000, 0x000000008bd00000| Untracked 
| 190|0x000000008be00000, 0x000000008bf00000, 0x000000008bf00000|100%| O|  |TAMS 0x000000008be00000, 0x000000008be00000| Untracked 
| 191|0x000000008bf00000, 0x000000008c000000, 0x000000008c000000|100%| O|  |TAMS 0x000000008bf00000, 0x000000008bf00000| Untracked 
| 192|0x000000008c000000, 0x000000008c100000, 0x000000008c100000|100%| O|  |TAMS 0x000000008c000000, 0x000000008c000000| Untracked 
| 193|0x000000008c100000, 0x000000008c200000, 0x000000008c200000|100%| O|  |TAMS 0x000000008c100000, 0x000000008c100000| Untracked 
| 194|0x000000008c200000, 0x000000008c300000, 0x000000008c300000|100%| O|  |TAMS 0x000000008c200000, 0x000000008c200000| Untracked 
| 195|0x000000008c300000, 0x000000008c400000, 0x000000008c400000|100%| O|  |TAMS 0x000000008c300000, 0x000000008c300000| Untracked 
| 196|0x000000008c400000, 0x000000008c500000, 0x000000008c500000|100%| O|  |TAMS 0x000000008c400000, 0x000000008c400000| Untracked 
| 197|0x000000008c500000, 0x000000008c600000, 0x000000008c600000|100%| O|  |TAMS 0x000000008c500000, 0x000000008c500000| Untracked 
| 198|0x000000008c600000, 0x000000008c700000, 0x000000008c700000|100%| O|  |TAMS 0x000000008c600000, 0x000000008c600000| Untracked 
| 199|0x000000008c700000, 0x000000008c800000, 0x000000008c800000|100%| O|  |TAMS 0x000000008c700000, 0x000000008c700000| Untracked 
| 200|0x000000008c800000, 0x000000008c900000, 0x000000008c900000|100%| O|  |TAMS 0x000000008c800000, 0x000000008c800000| Untracked 
| 201|0x000000008c900000, 0x000000008ca00000, 0x000000008ca00000|100%| O|  |TAMS 0x000000008c900000, 0x000000008c900000| Untracked 
| 202|0x000000008ca00000, 0x000000008cb00000, 0x000000008cb00000|100%| O|  |TAMS 0x000000008ca00000, 0x000000008ca00000| Untracked 
| 203|0x000000008cb00000, 0x000000008cc00000, 0x000000008cc00000|100%| O|  |TAMS 0x000000008cc00000, 0x000000008cb00000| Untracked 
| 204|0x000000008cc00000, 0x000000008cd00000, 0x000000008cd00000|100%| O|  |TAMS 0x000000008cd00000, 0x000000008cc00000| Untracked 
| 205|0x000000008cd00000, 0x000000008ce00000, 0x000000008ce00000|100%| O|  |TAMS 0x000000008cd00000, 0x000000008cd00000| Untracked 
| 206|0x000000008ce00000, 0x000000008ce00000, 0x000000008cf00000|  0%| F|  |TAMS 0x000000008ce00000, 0x000000008ce00000| Untracked 
| 207|0x000000008cf00000, 0x000000008cf00000, 0x000000008d000000|  0%| F|  |TAMS 0x000000008cf00000, 0x000000008cf00000| Untracked 
| 208|0x000000008d000000, 0x000000008d000000, 0x000000008d100000|  0%| F|  |TAMS 0x000000008d000000, 0x000000008d000000| Untracked 
| 209|0x000000008d100000, 0x000000008d100000, 0x000000008d200000|  0%| F|  |TAMS 0x000000008d100000, 0x000000008d100000| Untracked 
| 210|0x000000008d200000, 0x000000008d200000, 0x000000008d300000|  0%| F|  |TAMS 0x000000008d200000, 0x000000008d200000| Untracked 
| 211|0x000000008d300000, 0x000000008d300000, 0x000000008d400000|  0%| F|  |TAMS 0x000000008d300000, 0x000000008d300000| Untracked 
| 212|0x000000008d400000, 0x000000008d400000, 0x000000008d500000|  0%| F|  |TAMS 0x000000008d400000, 0x000000008d400000| Untracked 
| 213|0x000000008d500000, 0x000000008d500000, 0x000000008d600000|  0%| F|  |TAMS 0x000000008d500000, 0x000000008d500000| Untracked 
| 214|0x000000008d600000, 0x000000008d600000, 0x000000008d700000|  0%| F|  |TAMS 0x000000008d600000, 0x000000008d600000| Untracked 
| 215|0x000000008d700000, 0x000000008d700000, 0x000000008d800000|  0%| F|  |TAMS 0x000000008d700000, 0x000000008d700000| Untracked 
| 216|0x000000008d800000, 0x000000008d800000, 0x000000008d900000|  0%| F|  |TAMS 0x000000008d800000, 0x000000008d800000| Untracked 
| 217|0x000000008d900000, 0x000000008d900000, 0x000000008da00000|  0%| F|  |TAMS 0x000000008d900000, 0x000000008d900000| Untracked 
| 218|0x000000008da00000, 0x000000008da00000, 0x000000008db00000|  0%| F|  |TAMS 0x000000008da00000, 0x000000008da00000| Untracked 
| 219|0x000000008db00000, 0x000000008db00000, 0x000000008dc00000|  0%| F|  |TAMS 0x000000008db00000, 0x000000008db00000| Untracked 
| 220|0x000000008dc00000, 0x000000008dc00000, 0x000000008dd00000|  0%| F|  |TAMS 0x000000008dc00000, 0x000000008dc00000| Untracked 
| 221|0x000000008dd00000, 0x000000008dd00000, 0x000000008de00000|  0%| F|  |TAMS 0x000000008dd00000, 0x000000008dd00000| Untracked 
| 222|0x000000008de00000, 0x000000008de00000, 0x000000008df00000|  0%| F|  |TAMS 0x000000008de00000, 0x000000008de00000| Untracked 
| 223|0x000000008df00000, 0x000000008df00000, 0x000000008e000000|  0%| F|  |TAMS 0x000000008df00000, 0x000000008df00000| Untracked 
| 224|0x000000008e000000, 0x000000008e000000, 0x000000008e100000|  0%| F|  |TAMS 0x000000008e000000, 0x000000008e000000| Untracked 
| 225|0x000000008e100000, 0x000000008e100000, 0x000000008e200000|  0%| F|  |TAMS 0x000000008e100000, 0x000000008e100000| Untracked 
| 226|0x000000008e200000, 0x000000008e200000, 0x000000008e300000|  0%| F|  |TAMS 0x000000008e200000, 0x000000008e200000| Untracked 
| 227|0x000000008e300000, 0x000000008e300000, 0x000000008e400000|  0%| F|  |TAMS 0x000000008e300000, 0x000000008e300000| Untracked 
| 228|0x000000008e400000, 0x000000008e400000, 0x000000008e500000|  0%| F|  |TAMS 0x000000008e400000, 0x000000008e400000| Untracked 
| 229|0x000000008e500000, 0x000000008e500000, 0x000000008e600000|  0%| F|  |TAMS 0x000000008e500000, 0x000000008e500000| Untracked 
| 230|0x000000008e600000, 0x000000008e600000, 0x000000008e700000|  0%| F|  |TAMS 0x000000008e600000, 0x000000008e600000| Untracked 
| 231|0x000000008e700000, 0x000000008e700000, 0x000000008e800000|  0%| F|  |TAMS 0x000000008e700000, 0x000000008e700000| Untracked 
| 232|0x000000008e800000, 0x000000008e800000, 0x000000008e900000|  0%| F|  |TAMS 0x000000008e800000, 0x000000008e800000| Untracked 
| 233|0x000000008e900000, 0x000000008e900000, 0x000000008ea00000|  0%| F|  |TAMS 0x000000008e900000, 0x000000008e900000| Untracked 
| 234|0x000000008ea00000, 0x000000008ea00000, 0x000000008eb00000|  0%| F|  |TAMS 0x000000008ea00000, 0x000000008ea00000| Untracked 
| 235|0x000000008eb00000, 0x000000008eb00000, 0x000000008ec00000|  0%| F|  |TAMS 0x000000008eb00000, 0x000000008eb00000| Untracked 
| 236|0x000000008ec00000, 0x000000008ec00000, 0x000000008ed00000|  0%| F|  |TAMS 0x000000008ec00000, 0x000000008ec00000| Untracked 
| 237|0x000000008ed00000, 0x000000008ed00000, 0x000000008ee00000|  0%| F|  |TAMS 0x000000008ed00000, 0x000000008ed00000| Untracked 
| 238|0x000000008ee00000, 0x000000008ee00000, 0x000000008ef00000|  0%| F|  |TAMS 0x000000008ee00000, 0x000000008ee00000| Untracked 
| 239|0x000000008ef00000, 0x000000008ef00000, 0x000000008f000000|  0%| F|  |TAMS 0x000000008ef00000, 0x000000008ef00000| Untracked 
| 240|0x000000008f000000, 0x000000008f000000, 0x000000008f100000|  0%| F|  |TAMS 0x000000008f000000, 0x000000008f000000| Untracked 
| 241|0x000000008f100000, 0x000000008f100000, 0x000000008f200000|  0%| F|  |TAMS 0x000000008f100000, 0x000000008f100000| Untracked 
| 242|0x000000008f200000, 0x000000008f200000, 0x000000008f300000|  0%| F|  |TAMS 0x000000008f200000, 0x000000008f200000| Untracked 
| 243|0x000000008f300000, 0x000000008f300000, 0x000000008f400000|  0%| F|  |TAMS 0x000000008f300000, 0x000000008f300000| Untracked 
| 244|0x000000008f400000, 0x000000008f400000, 0x000000008f500000|  0%| F|  |TAMS 0x000000008f400000, 0x000000008f400000| Untracked 
| 245|0x000000008f500000, 0x000000008f500000, 0x000000008f600000|  0%| F|  |TAMS 0x000000008f500000, 0x000000008f500000| Untracked 
| 246|0x000000008f600000, 0x000000008f600000, 0x000000008f700000|  0%| F|  |TAMS 0x000000008f600000, 0x000000008f600000| Untracked 
| 247|0x000000008f700000, 0x000000008f700000, 0x000000008f800000|  0%| F|  |TAMS 0x000000008f700000, 0x000000008f700000| Untracked 
| 248|0x000000008f800000, 0x000000008f800000, 0x000000008f900000|  0%| F|  |TAMS 0x000000008f800000, 0x000000008f800000| Untracked 
| 249|0x000000008f900000, 0x000000008f900000, 0x000000008fa00000|  0%| F|  |TAMS 0x000000008f900000, 0x000000008f900000| Untracked 
| 250|0x000000008fa00000, 0x000000008fa00000, 0x000000008fb00000|  0%| F|  |TAMS 0x000000008fa00000, 0x000000008fa00000| Untracked 
| 251|0x000000008fb00000, 0x000000008fb00000, 0x000000008fc00000|  0%| F|  |TAMS 0x000000008fb00000, 0x000000008fb00000| Untracked 
| 252|0x000000008fc00000, 0x000000008fc00000, 0x000000008fd00000|  0%| F|  |TAMS 0x000000008fc00000, 0x000000008fc00000| Untracked 
| 253|0x000000008fd00000, 0x000000008fd00000, 0x000000008fe00000|  0%| F|  |TAMS 0x000000008fd00000, 0x000000008fd00000| Untracked 
| 254|0x000000008fe00000, 0x000000008fe00000, 0x000000008ff00000|  0%| F|  |TAMS 0x000000008fe00000, 0x000000008fe00000| Untracked 
| 255|0x000000008ff00000, 0x000000008ff00000, 0x0000000090000000|  0%| F|  |TAMS 0x000000008ff00000, 0x000000008ff00000| Untracked 
| 256|0x0000000090000000, 0x0000000090000000, 0x0000000090100000|  0%| F|  |TAMS 0x0000000090000000, 0x0000000090000000| Untracked 
| 257|0x0000000090100000, 0x0000000090100000, 0x0000000090200000|  0%| F|  |TAMS 0x0000000090100000, 0x0000000090100000| Untracked 
| 258|0x0000000090200000, 0x0000000090200000, 0x0000000090300000|  0%| F|  |TAMS 0x0000000090200000, 0x0000000090200000| Untracked 
| 259|0x0000000090300000, 0x0000000090300000, 0x0000000090400000|  0%| F|  |TAMS 0x0000000090300000, 0x0000000090300000| Untracked 
| 260|0x0000000090400000, 0x0000000090400000, 0x0000000090500000|  0%| F|  |TAMS 0x0000000090400000, 0x0000000090400000| Untracked 
| 261|0x0000000090500000, 0x0000000090500000, 0x0000000090600000|  0%| F|  |TAMS 0x0000000090500000, 0x0000000090500000| Untracked 
| 262|0x0000000090600000, 0x0000000090600000, 0x0000000090700000|  0%| F|  |TAMS 0x0000000090600000, 0x0000000090600000| Untracked 
| 263|0x0000000090700000, 0x0000000090700000, 0x0000000090800000|  0%| F|  |TAMS 0x0000000090700000, 0x0000000090700000| Untracked 
| 264|0x0000000090800000, 0x0000000090800000, 0x0000000090900000|  0%| F|  |TAMS 0x0000000090800000, 0x0000000090800000| Untracked 
| 265|0x0000000090900000, 0x0000000090900000, 0x0000000090a00000|  0%| F|  |TAMS 0x0000000090900000, 0x0000000090900000| Untracked 
| 266|0x0000000090a00000, 0x0000000090a00000, 0x0000000090b00000|  0%| F|  |TAMS 0x0000000090a00000, 0x0000000090a00000| Untracked 
| 267|0x0000000090b00000, 0x0000000090b00000, 0x0000000090c00000|  0%| F|  |TAMS 0x0000000090b00000, 0x0000000090b00000| Untracked 
| 268|0x0000000090c00000, 0x0000000090c00000, 0x0000000090d00000|  0%| F|  |TAMS 0x0000000090c00000, 0x0000000090c00000| Untracked 
| 269|0x0000000090d00000, 0x0000000090d00000, 0x0000000090e00000|  0%| F|  |TAMS 0x0000000090d00000, 0x0000000090d00000| Untracked 
| 270|0x0000000090e00000, 0x0000000090e00000, 0x0000000090f00000|  0%| F|  |TAMS 0x0000000090e00000, 0x0000000090e00000| Untracked 
| 271|0x0000000090f00000, 0x0000000090f00000, 0x0000000091000000|  0%| F|  |TAMS 0x0000000090f00000, 0x0000000090f00000| Untracked 
| 272|0x0000000091000000, 0x0000000091000000, 0x0000000091100000|  0%| F|  |TAMS 0x0000000091000000, 0x0000000091000000| Untracked 
| 273|0x0000000091100000, 0x0000000091100000, 0x0000000091200000|  0%| F|  |TAMS 0x0000000091100000, 0x0000000091100000| Untracked 
| 274|0x0000000091200000, 0x0000000091200000, 0x0000000091300000|  0%| F|  |TAMS 0x0000000091200000, 0x0000000091200000| Untracked 
| 275|0x0000000091300000, 0x0000000091300000, 0x0000000091400000|  0%| F|  |TAMS 0x0000000091300000, 0x0000000091300000| Untracked 
| 276|0x0000000091400000, 0x0000000091400000, 0x0000000091500000|  0%| F|  |TAMS 0x0000000091400000, 0x0000000091400000| Untracked 
| 277|0x0000000091500000, 0x0000000091500000, 0x0000000091600000|  0%| F|  |TAMS 0x0000000091500000, 0x0000000091500000| Untracked 
| 278|0x0000000091600000, 0x0000000091600000, 0x0000000091700000|  0%| F|  |TAMS 0x0000000091600000, 0x0000000091600000| Untracked 
| 279|0x0000000091700000, 0x0000000091700000, 0x0000000091800000|  0%| F|  |TAMS 0x0000000091700000, 0x0000000091700000| Untracked 
| 280|0x0000000091800000, 0x0000000091800000, 0x0000000091900000|  0%| F|  |TAMS 0x0000000091800000, 0x0000000091800000| Untracked 
| 281|0x0000000091900000, 0x0000000091900000, 0x0000000091a00000|  0%| F|  |TAMS 0x0000000091900000, 0x0000000091900000| Untracked 
| 282|0x0000000091a00000, 0x0000000091a00000, 0x0000000091b00000|  0%| F|  |TAMS 0x0000000091a00000, 0x0000000091a00000| Untracked 
| 283|0x0000000091b00000, 0x0000000091b00000, 0x0000000091c00000|  0%| F|  |TAMS 0x0000000091b00000, 0x0000000091b00000| Untracked 
| 284|0x0000000091c00000, 0x0000000091c00000, 0x0000000091d00000|  0%| F|  |TAMS 0x0000000091c00000, 0x0000000091c00000| Untracked 
| 285|0x0000000091d00000, 0x0000000091d00000, 0x0000000091e00000|  0%| F|  |TAMS 0x0000000091d00000, 0x0000000091d00000| Untracked 
| 286|0x0000000091e00000, 0x0000000091e00000, 0x0000000091f00000|  0%| F|  |TAMS 0x0000000091e00000, 0x0000000091e00000| Untracked 
| 287|0x0000000091f00000, 0x0000000091f00000, 0x0000000092000000|  0%| F|  |TAMS 0x0000000091f00000, 0x0000000091f00000| Untracked 
| 288|0x0000000092000000, 0x0000000092000000, 0x0000000092100000|  0%| F|  |TAMS 0x0000000092000000, 0x0000000092000000| Untracked 
| 289|0x0000000092100000, 0x0000000092100000, 0x0000000092200000|  0%| F|  |TAMS 0x0000000092100000, 0x0000000092100000| Untracked 
| 290|0x0000000092200000, 0x0000000092300000, 0x0000000092300000|100%| S|CS|TAMS 0x0000000092200000, 0x0000000092200000| Complete 
| 291|0x0000000092300000, 0x0000000092400000, 0x0000000092400000|100%| S|CS|TAMS 0x0000000092300000, 0x0000000092300000| Complete 
| 292|0x0000000092400000, 0x0000000092400000, 0x0000000092500000|  0%| F|  |TAMS 0x0000000092400000, 0x0000000092400000| Untracked 
| 293|0x0000000092500000, 0x0000000092500000, 0x0000000092600000|  0%| F|  |TAMS 0x0000000092500000, 0x0000000092500000| Untracked 
| 294|0x0000000092600000, 0x0000000092600000, 0x0000000092700000|  0%| F|  |TAMS 0x0000000092600000, 0x0000000092600000| Untracked 
| 295|0x0000000092700000, 0x0000000092700000, 0x0000000092800000|  0%| F|  |TAMS 0x0000000092700000, 0x0000000092700000| Untracked 
| 296|0x0000000092800000, 0x0000000092800000, 0x0000000092900000|  0%| F|  |TAMS 0x0000000092800000, 0x0000000092800000| Untracked 

Card table byte_map: [0x0000021566fd0000,0x00000215673d0000] _byte_map_base: 0x0000021566bd0000

Marking Bits (Prev, Next): (CMBitMap*) 0x000002155037ba20, (CMBitMap*) 0x000002155037b9e0
 Prev Bits: [0x00000215697d0000, 0x000002156b7d0000)
 Next Bits: [0x00000215677d0000, 0x00000215697d0000)

Polling page: 0x000002154e260000

Metaspace:

Usage:
  Non-class:    103.64 MB used.
      Class:     15.31 MB used.
       Both:    118.95 MB used.

Virtual space:
  Non-class space:      128.00 MB reserved,     104.12 MB ( 81%) committed,  2 nodes.
      Class space:        1.00 GB reserved,      15.75 MB (  2%) committed,  1 nodes.
             Both:        1.12 GB reserved,     119.88 MB ( 10%) committed. 

Chunk freelists:
   Non-Class:  7.36 MB
       Class:  270.00 KB
        Both:  7.62 MB

MaxMetaspaceSize: unlimited
CompressedClassSpaceSize: 1.00 GB
Initial GC threshold: 21.00 MB
Current GC threshold: 194.38 MB
CDS: on
MetaspaceReclaimPolicy: balanced
 - commit_granule_bytes: 65536.
 - commit_granule_words: 8192.
 - virtual_space_node_default_size: 8388608.
 - enlarge_chunks_in_place: 1.
 - new_chunks_are_fully_committed: 0.
 - uncommit_free_chunks: 1.
 - use_allocation_guard: 0.
 - handle_deallocations: 1.


Internal statistics:

num_allocs_failed_limit: 9.
num_arena_births: 1572.
num_arena_deaths: 194.
num_vsnodes_births: 3.
num_vsnodes_deaths: 0.
num_space_committed: 1917.
num_space_uncommitted: 0.
num_chunks_returned_to_freelist: 238.
num_chunks_taken_from_freelist: 6647.
num_chunk_merges: 88.
num_chunk_splits: 4292.
num_chunks_enlarged: 2799.
num_purges: 6.
num_inconsistent_stats: 0.

CodeHeap 'non-profiled nmethods': size=120000Kb used=11819Kb max_used=11819Kb free=108180Kb
 bounds [0x000002155f6a0000, 0x0000021560230000, 0x0000021566bd0000]
CodeHeap 'profiled nmethods': size=120000Kb used=32368Kb max_used=32368Kb free=87632Kb
 bounds [0x0000021557bd0000, 0x0000021559b70000, 0x000002155f100000]
CodeHeap 'non-nmethods': size=5760Kb used=2503Kb max_used=2605Kb free=3256Kb
 bounds [0x000002155f100000, 0x000002155f3a0000, 0x000002155f6a0000]
 total_blobs=17709 nmethods=16655 adapters=965
 compilation: enabled
              stopped_count=0, restarted_count=0
 full_count=0

Compilation events (20 events):
Event: 2072.116 Thread 0x000002156dc9ecf0 20649   !   3       android.databinding.tool.reflection.SdkUtil$ApiChecker::getSince (44 bytes)
Event: 2072.117 Thread 0x000002156dc9ecf0 nmethod 20649 0x0000021559b5de90 code [0x0000021559b5e0c0, 0x0000021559b5e9c8]
Event: 2072.118 Thread 0x000002156dc9ecf0 20650       3       android.databinding.tool.reflection.SdkUtil$ApiChecker::cacheKey (8 bytes)
Event: 2072.120 Thread 0x000002156dc9ecf0 nmethod 20650 0x0000021559b5ec90 code [0x0000021559b5f000, 0x0000021559b60a48]
Event: 2072.121 Thread 0x00000215785322a0 nmethod 20625 0x0000021560224490 code [0x0000021560224800, 0x0000021560228998]
Event: 2072.121 Thread 0x00000215785322a0 20644       4       org.apache.xerces.dom.ParentNode::getChildNodes (13 bytes)
Event: 2072.147 Thread 0x00000215785322a0 nmethod 20644 0x00000215600f6b90 code [0x00000215600f6d60, 0x00000215600f7b08]
Event: 2072.147 Thread 0x00000215785322a0 20652       4       org.apache.xerces.dom.NamedNodeMapImpl::findNamePoint (105 bytes)
Event: 2072.153 Thread 0x00000215785322a0 nmethod 20652 0x00000215600f6090 code [0x00000215600f6240, 0x00000215600f6818]
Event: 2072.153 Thread 0x00000215785322a0 20639       4       org.apache.xerces.dom.DeferredDocumentImpl::getLastChild (49 bytes)
Event: 2072.157 Thread 0x00000215785322a0 nmethod 20639 0x00000215600f5b90 code [0x00000215600f5d20, 0x00000215600f5f18]
Event: 2072.158 Thread 0x00000215785322a0 20648       4       org.apache.xerces.dom.DeferredDocumentImpl::synchronizeChildren (167 bytes)
Event: 2072.167 Thread 0x000002156dc9ecf0 20655 %     3       android.databinding.tool.reflection.SdkUtil$ApiChecker::buildFullLookup @ 124 (252 bytes)
Event: 2072.172 Thread 0x000002156dc9ecf0 nmethod 20655% 0x0000021559b61390 code [0x0000021559b619c0, 0x0000021559b65688]
Event: 2072.172 Thread 0x000002156dc9ecf0 20656       3       android.databinding.tool.reflection.SdkUtil$ApiChecker::buildFullLookup (252 bytes)
Event: 2072.175 Thread 0x00000215785322a0 nmethod 20648 0x000002156022ae10 code [0x000002156022afc0, 0x000002156022b8a8]
Event: 2072.175 Thread 0x00000215785322a0 20632       4       org.apache.xerces.impl.XMLDocumentFragmentScannerImpl::scanStartElement (319 bytes)
Event: 2072.177 Thread 0x000002156dc9ecf0 nmethod 20656 0x0000021559b66a10 code [0x0000021559b67040, 0x0000021559b6aaa8]
Event: 2072.177 Thread 0x000002156dc9ecf0 20657       3       org.apache.xerces.dom.DeferredElementImpl::synchronizeChildren (18 bytes)
Event: 2072.177 Thread 0x000002156dc9ecf0 nmethod 20657 0x0000021559b6bd90 code [0x0000021559b6bf40, 0x0000021559b6c228]

GC Heap History (20 events):
Event: 2039.401 GC heap after
{Heap after GC invocations=52 (full 0):
 garbage-first heap   total 288768K, used 145491K [0x0000000080000000, 0x0000000100000000)
  region size 1024K, 2 young (2048K), 2 survivors (2048K)
 Metaspace       used 102481K, committed 103232K, reserved 1179648K
  class space    used 13659K, committed 14016K, reserved 1048576K
}
Event: 2039.436 GC heap before
{Heap before GC invocations=52 (full 0):
 garbage-first heap   total 288768K, used 146515K [0x0000000080000000, 0x0000000100000000)
  region size 1024K, 5 young (5120K), 2 survivors (2048K)
 Metaspace       used 102483K, committed 103232K, reserved 1179648K
  class space    used 13659K, committed 14016K, reserved 1048576K
}
Event: 2039.442 GC heap after
{Heap after GC invocations=53 (full 0):
 garbage-first heap   total 288768K, used 146360K [0x0000000080000000, 0x0000000100000000)
  region size 1024K, 3 young (3072K), 3 survivors (3072K)
 Metaspace       used 102483K, committed 103232K, reserved 1179648K
  class space    used 13659K, committed 14016K, reserved 1048576K
}
Event: 2046.965 GC heap before
{Heap before GC invocations=54 (full 0):
 garbage-first heap   total 288768K, used 244664K [0x0000000080000000, 0x0000000100000000)
  region size 1024K, 93 young (95232K), 3 survivors (3072K)
 Metaspace       used 104508K, committed 105408K, reserved 1179648K
  class space    used 13875K, committed 14336K, reserved 1048576K
}
Event: 2047.014 GC heap after
{Heap after GC invocations=55 (full 0):
 garbage-first heap   total 288768K, used 155188K [0x0000000080000000, 0x0000000100000000)
  region size 1024K, 12 young (12288K), 12 survivors (12288K)
 Metaspace       used 104508K, committed 105408K, reserved 1179648K
  class space    used 13875K, committed 14336K, reserved 1048576K
}
Event: 2047.028 GC heap before
{Heap before GC invocations=55 (full 0):
 garbage-first heap   total 288768K, used 157236K [0x0000000080000000, 0x0000000100000000)
  region size 1024K, 14 young (14336K), 12 survivors (12288K)
 Metaspace       used 104510K, committed 105408K, reserved 1179648K
  class space    used 13875K, committed 14336K, reserved 1048576K
}
Event: 2047.104 GC heap after
{Heap after GC invocations=56 (full 0):
 garbage-first heap   total 288768K, used 141405K [0x0000000080000000, 0x0000000100000000)
  region size 1024K, 1 young (1024K), 1 survivors (1024K)
 Metaspace       used 104510K, committed 105408K, reserved 1179648K
  class space    used 13875K, committed 14336K, reserved 1048576K
}
Event: 2047.300 GC heap before
{Heap before GC invocations=56 (full 0):
 garbage-first heap   total 288768K, used 153693K [0x0000000080000000, 0x0000000100000000)
  region size 1024K, 14 young (14336K), 1 survivors (1024K)
 Metaspace       used 104543K, committed 105408K, reserved 1179648K
  class space    used 13876K, committed 14336K, reserved 1048576K
}
Event: 2047.314 GC heap after
{Heap after GC invocations=57 (full 0):
 garbage-first heap   total 288768K, used 139795K [0x0000000080000000, 0x0000000100000000)
  region size 1024K, 1 young (1024K), 1 survivors (1024K)
 Metaspace       used 104543K, committed 105408K, reserved 1179648K
  class space    used 13876K, committed 14336K, reserved 1048576K
}
Event: 2064.325 GC heap before
{Heap before GC invocations=57 (full 0):
 garbage-first heap   total 288768K, used 234003K [0x0000000080000000, 0x0000000100000000)
  region size 1024K, 94 young (96256K), 1 survivors (1024K)
 Metaspace       used 109180K, committed 110144K, reserved 1179648K
  class space    used 14442K, committed 14912K, reserved 1048576K
}
Event: 2064.340 GC heap after
{Heap after GC invocations=58 (full 0):
 garbage-first heap   total 288768K, used 144239K [0x0000000080000000, 0x0000000100000000)
  region size 1024K, 5 young (5120K), 5 survivors (5120K)
 Metaspace       used 109180K, committed 110144K, reserved 1179648K
  class space    used 14442K, committed 14912K, reserved 1048576K
}
Event: 2070.082 GC heap before
{Heap before GC invocations=59 (full 0):
 garbage-first heap   total 288768K, used 249711K [0x0000000080000000, 0x0000000100000000)
  region size 1024K, 96 young (98304K), 5 survivors (5120K)
 Metaspace       used 117733K, committed 118656K, reserved 1179648K
  class space    used 15354K, committed 15808K, reserved 1048576K
}
Event: 2070.112 GC heap after
{Heap after GC invocations=60 (full 0):
 garbage-first heap   total 288768K, used 162356K [0x0000000080000000, 0x0000000100000000)
  region size 1024K, 12 young (12288K), 12 survivors (12288K)
 Metaspace       used 117733K, committed 118656K, reserved 1179648K
  class space    used 15354K, committed 15808K, reserved 1048576K
}
Event: 2070.220 GC heap before
{Heap before GC invocations=60 (full 0):
 garbage-first heap   total 288768K, used 164404K [0x0000000080000000, 0x0000000100000000)
  region size 1024K, 14 young (14336K), 12 survivors (12288K)
 Metaspace       used 117909K, committed 118784K, reserved 1179648K
  class space    used 15376K, committed 15808K, reserved 1048576K
}
Event: 2070.254 GC heap after
{Heap after GC invocations=61 (full 0):
 garbage-first heap   total 288768K, used 158919K [0x0000000080000000, 0x0000000100000000)
  region size 1024K, 2 young (2048K), 2 survivors (2048K)
 Metaspace       used 117909K, committed 118784K, reserved 1179648K
  class space    used 15376K, committed 15808K, reserved 1048576K
}
Event: 2070.550 GC heap before
{Heap before GC invocations=61 (full 0):
 garbage-first heap   total 288768K, used 168135K [0x0000000080000000, 0x0000000100000000)
  region size 1024K, 12 young (12288K), 2 survivors (2048K)
 Metaspace       used 118221K, committed 119104K, reserved 1179648K
  class space    used 15395K, committed 15808K, reserved 1048576K
}
Event: 2070.558 GC heap after
{Heap after GC invocations=62 (full 0):
 garbage-first heap   total 288768K, used 160646K [0x0000000080000000, 0x0000000100000000)
  region size 1024K, 4 young (4096K), 4 survivors (4096K)
 Metaspace       used 118221K, committed 119104K, reserved 1179648K
  class space    used 15395K, committed 15808K, reserved 1048576K
}
Event: 2072.197 GC heap before
{Heap before GC invocations=63 (full 0):
 garbage-first heap   total 304128K, used 232326K [0x0000000080000000, 0x0000000100000000)
  region size 1024K, 71 young (72704K), 4 survivors (4096K)
 Metaspace       used 121807K, committed 122752K, reserved 1179648K
  class space    used 15676K, committed 16128K, reserved 1048576K
}
Event: 2072.256 GC heap after
{Heap after GC invocations=64 (full 0):
 garbage-first heap   total 304128K, used 202706K [0x0000000080000000, 0x0000000100000000)
  region size 1024K, 9 young (9216K), 9 survivors (9216K)
 Metaspace       used 121807K, committed 122752K, reserved 1179648K
  class space    used 15676K, committed 16128K, reserved 1048576K
}
Event: 2072.300 GC heap before
{Heap before GC invocations=64 (full 0):
 garbage-first heap   total 304128K, used 207826K [0x0000000080000000, 0x0000000100000000)
  region size 1024K, 14 young (14336K), 9 survivors (9216K)
 Metaspace       used 121807K, committed 122752K, reserved 1179648K
  class space    used 15676K, committed 16128K, reserved 1048576K
}

Deoptimization events (20 events):
Event: 2072.063 Thread 0x0000021575606c10 DEOPT PACKING pc=0x0000021559611d0f sp=0x0000003875ffc200
Event: 2072.063 Thread 0x0000021575606c10 DEOPT UNPACKING pc=0x000002155f152b43 sp=0x0000003875ffb670 mode 0
Event: 2072.085 Thread 0x0000021575606c10 DEOPT PACKING pc=0x0000021559611d0f sp=0x0000003875ffc200
Event: 2072.085 Thread 0x0000021575606c10 DEOPT UNPACKING pc=0x000002155f152b43 sp=0x0000003875ffb670 mode 0
Event: 2072.104 Thread 0x0000021575606c10 Uncommon trap: trap_request=0xffffffde fr.pc=0x000002155fda57ec relative=0x0000000000000a0c
Event: 2072.104 Thread 0x0000021575606c10 Uncommon trap: reason=class_check action=maybe_recompile pc=0x000002155fda57ec method=org.apache.xerces.dom.ParentNode.getChildNodes()Lorg/w3c/dom/NodeList; @ 8 c2
Event: 2072.104 Thread 0x0000021575606c10 DEOPT PACKING pc=0x000002155fda57ec sp=0x0000003875ffc760
Event: 2072.104 Thread 0x0000021575606c10 DEOPT UNPACKING pc=0x000002155f1523a3 sp=0x0000003875ffc760 mode 2
Event: 2072.104 Thread 0x0000021575606c10 Uncommon trap: trap_request=0xffffffde fr.pc=0x000002155fda57ec relative=0x0000000000000a0c
Event: 2072.104 Thread 0x0000021575606c10 Uncommon trap: reason=class_check action=maybe_recompile pc=0x000002155fda57ec method=org.apache.xerces.dom.ParentNode.getChildNodes()Lorg/w3c/dom/NodeList; @ 8 c2
Event: 2072.104 Thread 0x0000021575606c10 DEOPT PACKING pc=0x000002155fda57ec sp=0x0000003875ffc760
Event: 2072.104 Thread 0x0000021575606c10 DEOPT UNPACKING pc=0x000002155f1523a3 sp=0x0000003875ffc760 mode 2
Event: 2072.105 Thread 0x0000021575606c10 Uncommon trap: trap_request=0xffffffde fr.pc=0x000002155fda57ec relative=0x0000000000000a0c
Event: 2072.105 Thread 0x0000021575606c10 Uncommon trap: reason=class_check action=maybe_recompile pc=0x000002155fda57ec method=org.apache.xerces.dom.ParentNode.getChildNodes()Lorg/w3c/dom/NodeList; @ 8 c2
Event: 2072.105 Thread 0x0000021575606c10 DEOPT PACKING pc=0x000002155fda57ec sp=0x0000003875ffc760
Event: 2072.105 Thread 0x0000021575606c10 DEOPT UNPACKING pc=0x000002155f1523a3 sp=0x0000003875ffc760 mode 2
Event: 2072.105 Thread 0x0000021575606c10 Uncommon trap: trap_request=0xffffffde fr.pc=0x000002155fda57ec relative=0x0000000000000a0c
Event: 2072.105 Thread 0x0000021575606c10 Uncommon trap: reason=class_check action=maybe_recompile pc=0x000002155fda57ec method=org.apache.xerces.dom.ParentNode.getChildNodes()Lorg/w3c/dom/NodeList; @ 8 c2
Event: 2072.105 Thread 0x0000021575606c10 DEOPT PACKING pc=0x000002155fda57ec sp=0x0000003875ffc760
Event: 2072.105 Thread 0x0000021575606c10 DEOPT UNPACKING pc=0x000002155f1523a3 sp=0x0000003875ffc760 mode 2

Classes unloaded (20 events):
Event: 2035.071 Thread 0x000002156dc5c720 Unloading class 0x00000215010ed800 'java/lang/invoke/LambdaForm$MH+0x00000215010ed800'
Event: 2035.071 Thread 0x000002156dc5c720 Unloading class 0x00000215010ed400 'java/lang/invoke/LambdaForm$MH+0x00000215010ed400'
Event: 2035.071 Thread 0x000002156dc5c720 Unloading class 0x00000215010ed000 'java/lang/invoke/LambdaForm$MH+0x00000215010ed000'
Event: 2035.071 Thread 0x000002156dc5c720 Unloading class 0x00000215010ecc00 'java/lang/invoke/LambdaForm$MH+0x00000215010ecc00'
Event: 2035.071 Thread 0x000002156dc5c720 Unloading class 0x00000215010ec800 'java/lang/invoke/LambdaForm$MH+0x00000215010ec800'
Event: 2035.072 Thread 0x000002156dc5c720 Unloading class 0x00000215010ec400 'java/lang/invoke/LambdaForm$MH+0x00000215010ec400'
Event: 2035.072 Thread 0x000002156dc5c720 Unloading class 0x00000215010ec000 'java/lang/invoke/LambdaForm$MH+0x00000215010ec000'
Event: 2035.072 Thread 0x000002156dc5c720 Unloading class 0x00000215010ca800 'java/lang/invoke/LambdaForm$MH+0x00000215010ca800'
Event: 2035.072 Thread 0x000002156dc5c720 Unloading class 0x00000215010ca000 'java/lang/invoke/LambdaForm$MH+0x00000215010ca000'
Event: 2035.072 Thread 0x000002156dc5c720 Unloading class 0x00000215010c9c00 'java/lang/invoke/LambdaForm$MH+0x00000215010c9c00'
Event: 2035.072 Thread 0x000002156dc5c720 Unloading class 0x00000215010c9800 'java/lang/invoke/LambdaForm$MH+0x00000215010c9800'
Event: 2035.072 Thread 0x000002156dc5c720 Unloading class 0x00000215010c9400 'java/lang/invoke/LambdaForm$MH+0x00000215010c9400'
Event: 2035.072 Thread 0x000002156dc5c720 Unloading class 0x00000215010c8c00 'java/lang/invoke/LambdaForm$MH+0x00000215010c8c00'
Event: 2035.072 Thread 0x000002156dc5c720 Unloading class 0x000002150102ac00 'java/lang/invoke/LambdaForm$MH+0x000002150102ac00'
Event: 2035.072 Thread 0x000002156dc5c720 Unloading class 0x000002150102a800 'java/lang/invoke/LambdaForm$MH+0x000002150102a800'
Event: 2035.072 Thread 0x000002156dc5c720 Unloading class 0x0000021501028400 'java/lang/invoke/LambdaForm$MH+0x0000021501028400'
Event: 2039.908 Thread 0x000002156dc5c720 Unloading class 0x0000021501cdd000 'jdk/internal/reflect/GeneratedSerializationConstructorAccessor87'
Event: 2039.908 Thread 0x000002156dc5c720 Unloading class 0x0000021501cdcc00 'jdk/internal/reflect/GeneratedSerializationConstructorAccessor86'
Event: 2039.908 Thread 0x000002156dc5c720 Unloading class 0x0000021501cdc800 'jdk/internal/reflect/GeneratedSerializationConstructorAccessor85'
Event: 2039.908 Thread 0x000002156dc5c720 Unloading class 0x0000021501cdc400 'jdk/internal/reflect/GeneratedSerializationConstructorAccessor84'

Classes redefined (0 events):
No events

Internal exceptions (20 events):
Event: 2050.283 Thread 0x0000021577331700 Exception <a 'java/lang/NoSuchMethodError'{0x000000008e125c30}: static [Ljava/rmi/server/ObjID;.<clinit>()V> (0x000000008e125c30) 
thrown [s\open\src\hotspot\share\prims\jni.cpp, line 1107]
Event: 2050.289 Thread 0x0000021577331700 Exception <a 'java/lang/NoSuchMethodError'{0x000000008e1482f8}: static [B.<clinit>()V> (0x000000008e1482f8) 
thrown [s\open\src\hotspot\share\prims\jni.cpp, line 1107]
Event: 2050.321 Thread 0x000002157560b440 Exception <a 'java/lang/InterruptedException'{0x000000008e151cc8}> (0x000000008e151cc8) 
thrown [s\open\src\hotspot\share\runtime\objectMonitor.cpp, line 1671]
Event: 2050.321 Thread 0x000002157560b440 Exception <a 'java/lang/NoSuchMethodError'{0x000000008e153128}: 'java.lang.Object java.lang.invoke.DirectMethodHandle$Holder.invokeSpecial(java.lang.Object, java.lang.Object, int, java.lang.Object, long)'> (0x000000008e153128) 
thrown [s\open\src\hotspot\share\interpreter\linkResolver.cpp, line 759]
Event: 2050.323 Thread 0x000002157560b440 Exception <a 'java/lang/NoSuchMethodError'{0x000000008e15a5d8}: 'java.lang.Object java.lang.invoke.DirectMethodHandle$Holder.newInvokeSpecial(java.lang.Object, java.lang.Object, int, java.lang.Object, long)'> (0x000000008e15a5d8) 
thrown [s\open\src\hotspot\share\interpreter\linkResolver.cpp, line 759]
Event: 2050.600 Thread 0x0000021577331700 Exception <a 'java/lang/NoSuchMethodError'{0x000000008e196e00}: static Lorg/jetbrains/kotlin/daemon/common/CompileService$CallResult;.<clinit>()V> (0x000000008e196e00) 
thrown [s\open\src\hotspot\share\prims\jni.cpp, line 1107]
Event: 2050.600 Thread 0x0000021577331700 Exception <a 'java/lang/NoSuchMethodError'{0x000000008e1a2858}: static Lorg/jetbrains/kotlin/daemon/common/CompileService$CallResult$Good;.<clinit>()V> (0x000000008e1a2858) 
thrown [s\open\src\hotspot\share\prims\jni.cpp, line 1107]
Event: 2050.601 Thread 0x0000021577331700 Exception <a 'java/lang/NoSuchMethodError'{0x000000008e1af918}: static Lorg/jetbrains/kotlin/daemon/common/DaemonJVMOptions;.<clinit>()V> (0x000000008e1af918) 
thrown [s\open\src\hotspot\share\prims\jni.cpp, line 1107]
Event: 2050.611 Thread 0x0000021577331700 Exception <a 'java/lang/NoSuchMethodError'{0x000000008e1d93a0}: static Lorg/jetbrains/kotlin/daemon/common/CompileService$CallResult$Ok;.<clinit>()V> (0x000000008e1d93a0) 
thrown [s\open\src\hotspot\share\prims\jni.cpp, line 1107]
Event: 2050.751 Thread 0x0000021577331700 Exception <a 'java/lang/NoSuchMethodError'{0x000000008e0f5c00}: static [Ljava/lang/Integer;.<clinit>()V> (0x000000008e0f5c00) 
thrown [s\open\src\hotspot\share\prims\jni.cpp, line 1107]
Event: 2064.433 Thread 0x00000215759d9310 Exception <a 'java/lang/NoSuchMethodError'{0x00000000911e5080}: static Lorg/jetbrains/kotlin/gradle/internal/kapt/incremental/ClasspathEntryData;.<clinit>()V> (0x00000000911e5080) 
thrown [s\open\src\hotspot\share\prims\jni.cpp, line 1107]
Event: 2065.934 Thread 0x00000215760413c0 Exception <a 'java/lang/NoSuchMethodError'{0x000000008ecca360}: static Lorg/jetbrains/kotlin/gradle/internal/KaptOptionsForWorker;.<clinit>()V> (0x000000008ecca360) 
thrown [s\open\src\hotspot\share\prims\jni.cpp, line 1107]
Event: 2066.014 Thread 0x0000021575606c10 Implicit null exception at 0x000002155fcf4ee7 to 0x000002155fcf65a8
Event: 2066.082 Thread 0x0000021575606c10 Exception <a 'java/lang/NoSuchMethodError'{0x000000008e9edf10}: 'void java.lang.invoke.Invokers$Holder.invokeExact_MT(java.lang.Object, java.lang.Object, int, java.lang.Object)'> (0x000000008e9edf10) 
thrown [s\open\src\hotspot\share\interpreter\linkResolver.cpp, line 759]
Event: 2068.430 Thread 0x0000021575606c10 Exception <a 'sun/nio/fs/WindowsException'{0x000000008de99690}> (0x000000008de99690) 
thrown [s\open\src\hotspot\share\prims\jni.cpp, line 516]
Event: 2068.430 Thread 0x0000021575606c10 Exception <a 'sun/nio/fs/WindowsException'{0x000000008de998c0}> (0x000000008de998c0) 
thrown [s\open\src\hotspot\share\prims\jni.cpp, line 516]
Event: 2069.140 Thread 0x0000021575606c10 Exception <a 'sun/nio/fs/WindowsException'{0x000000008d5a3ea8}> (0x000000008d5a3ea8) 
thrown [s\open\src\hotspot\share\prims\jni.cpp, line 516]
Event: 2069.140 Thread 0x0000021575606c10 Exception <a 'sun/nio/fs/WindowsException'{0x000000008d5a4238}> (0x000000008d5a4238) 
thrown [s\open\src\hotspot\share\prims\jni.cpp, line 516]
Event: 2069.217 Thread 0x0000021575606c10 Exception <a 'java/lang/NoSuchMethodError'{0x000000008d44f0b0}: 'java.lang.Object java.lang.invoke.DirectMethodHandle$Holder.invokeVirtual(java.lang.Object, java.lang.Object, java.lang.Object, int, int)'> (0x000000008d44f0b0) 
thrown [s\open\src\hotspot\share\interpreter\linkResolver.cpp, line 759]
Event: 2070.153 Thread 0x0000021575606c10 Exception <a 'java/lang/NoSuchMethodError'{0x0000000091826d28}: 'java.lang.Object java.lang.invoke.DirectMethodHandle$Holder.invokeStatic(java.lang.Object, java.lang.Object, int, int)'> (0x0000000091826d28) 
thrown [s\open\src\hotspot\share\interpreter\linkResolver.cpp, line 759]

VM Operations (20 events):
Event: 2070.112 Executing VM operation: G1CollectForAllocation done
Event: 2070.166 Executing VM operation: HandshakeAllThreads
Event: 2070.166 Executing VM operation: HandshakeAllThreads done
Event: 2070.220 Executing VM operation: G1CollectForAllocation
Event: 2070.254 Executing VM operation: G1CollectForAllocation done
Event: 2070.550 Executing VM operation: G1TryInitiateConcMark
Event: 2070.558 Executing VM operation: G1TryInitiateConcMark done
Event: 2071.014 Executing VM operation: HandshakeAllThreads
Event: 2071.014 Executing VM operation: HandshakeAllThreads done
Event: 2071.050 Executing VM operation: ICBufferFull
Event: 2071.050 Executing VM operation: ICBufferFull done
Event: 2071.074 Executing VM operation: G1Concurrent
Event: 2071.091 Executing VM operation: G1Concurrent done
Event: 2071.354 Executing VM operation: G1Concurrent
Event: 2071.354 Executing VM operation: G1Concurrent done
Event: 2071.727 Executing VM operation: HandshakeAllThreads
Event: 2071.727 Executing VM operation: HandshakeAllThreads done
Event: 2072.196 Executing VM operation: G1CollectForAllocation
Event: 2072.263 Executing VM operation: G1CollectForAllocation done
Event: 2072.300 Executing VM operation: G1CollectForAllocation

Events (20 events):
Event: 2068.660 Thread 0x000002156dca1600 flushing nmethod 0x0000021559a3fa90
Event: 2068.660 Thread 0x000002156dca1600 flushing nmethod 0x0000021559a44b10
Event: 2068.660 Thread 0x000002156dca1600 flushing nmethod 0x0000021559a68c90
Event: 2069.028 Thread 0x00000215785322a0 Thread added: 0x00000215785322a0
Event: 2069.201 loading class java/util/regex/Pattern$Bound
Event: 2069.202 loading class java/util/regex/Pattern$Bound done
Event: 2069.296 loading class java/text/BreakIterator
Event: 2069.296 loading class java/text/BreakIterator done
Event: 2069.974 Thread 0x00000215785322a0 Thread exited: 0x00000215785322a0
Event: 2070.078 loading class java/util/ImmutableCollections$Access
Event: 2070.081 loading class java/util/ImmutableCollections$Access done
Event: 2070.081 loading class java/util/ImmutableCollections$Access$1
Event: 2070.081 loading class jdk/internal/access/JavaUtilCollectionAccess
Event: 2070.081 loading class jdk/internal/access/JavaUtilCollectionAccess done
Event: 2070.081 loading class java/util/ImmutableCollections$Access$1 done
Event: 2070.113 Thread 0x0000021576eef9b0 Thread added: 0x0000021576eef9b0
Event: 2070.164 loading class jdk/internal/jimage/ImageReader$LinkNode
Event: 2070.164 loading class jdk/internal/jimage/ImageReader$LinkNode done
Event: 2071.445 Thread 0x0000021576eef9b0 Thread exited: 0x0000021576eef9b0
Event: 2071.501 Thread 0x00000215785322a0 Thread added: 0x00000215785322a0


Dynamic libraries:
0x00007ff649c70000 - 0x00007ff649c80000 	C:\Program Files\Java\jdk-17\bin\java.exe
0x00007ff9d1670000 - 0x00007ff9d1868000 	C:\WINDOWS\SYSTEM32\ntdll.dll
0x00007ff9d0380000 - 0x00007ff9d043d000 	C:\WINDOWS\System32\KERNEL32.DLL
0x00007ff9cf210000 - 0x00007ff9cf506000 	C:\WINDOWS\System32\KERNELBASE.dll
0x00007ff9ced50000 - 0x00007ff9cee50000 	C:\WINDOWS\System32\ucrtbase.dll
0x00007ff9ca5f0000 - 0x00007ff9ca609000 	C:\Program Files\Java\jdk-17\bin\jli.dll
0x00007ff9ca9d0000 - 0x00007ff9ca9eb000 	C:\Program Files\Java\jdk-17\bin\VCRUNTIME140.dll
0x00007ff9d1030000 - 0x00007ff9d10de000 	C:\WINDOWS\System32\ADVAPI32.dll
0x00007ff9d0b20000 - 0x00007ff9d0bbe000 	C:\WINDOWS\System32\msvcrt.dll
0x00007ff9d1300000 - 0x00007ff9d139c000 	C:\WINDOWS\System32\sechost.dll
0x00007ff9cfa40000 - 0x00007ff9cfb66000 	C:\WINDOWS\System32\RPCRT4.dll
0x00007ff9d0670000 - 0x00007ff9d080e000 	C:\WINDOWS\System32\USER32.dll
0x00007ff9cf6a0000 - 0x00007ff9cf6c2000 	C:\WINDOWS\System32\win32u.dll
0x00007ff9d1600000 - 0x00007ff9d162c000 	C:\WINDOWS\System32\GDI32.dll
0x00007ff9cee50000 - 0x00007ff9cef6a000 	C:\WINDOWS\System32\gdi32full.dll
0x00007ff9cf100000 - 0x00007ff9cf19d000 	C:\WINDOWS\System32\msvcp_win.dll
0x00007ff9bc180000 - 0x00007ff9bc41a000 	C:\WINDOWS\WinSxS\amd64_microsoft.windows.common-controls_6595b64144ccf1df_6.0.19041.1110_none_60b5254171f9507e\COMCTL32.dll
0x00007ff9ca510000 - 0x00007ff9ca51a000 	C:\WINDOWS\SYSTEM32\VERSION.dll
0x00007ff9cfc00000 - 0x00007ff9cfc30000 	C:\WINDOWS\System32\IMM32.DLL
0x00007ff9caa40000 - 0x00007ff9caa4c000 	C:\Program Files\Java\jdk-17\bin\vcruntime140_1.dll
0x00007ff9c9cd0000 - 0x00007ff9c9d5e000 	C:\Program Files\Java\jdk-17\bin\msvcp140.dll
0x00007ff991b50000 - 0x00007ff99272e000 	C:\Program Files\Java\jdk-17\bin\server\jvm.dll
0x00007ff9cf6d0000 - 0x00007ff9cf6d8000 	C:\WINDOWS\System32\PSAPI.DLL
0x00007ff9bcd10000 - 0x00007ff9bcd19000 	C:\WINDOWS\SYSTEM32\WSOCK32.dll
0x00007ff9d1400000 - 0x00007ff9d146b000 	C:\WINDOWS\System32\WS2_32.dll
0x00007ff9bbef0000 - 0x00007ff9bbf17000 	C:\WINDOWS\SYSTEM32\WINMM.dll
0x00007ff9ccbe0000 - 0x00007ff9ccbf2000 	C:\WINDOWS\SYSTEM32\kernel.appcore.dll
0x00007ff9ca9c0000 - 0x00007ff9ca9ca000 	C:\Program Files\Java\jdk-17\bin\jimage.dll
0x00007ff9c5720000 - 0x00007ff9c5904000 	C:\WINDOWS\SYSTEM32\DBGHELP.DLL
0x00007ff9b8640000 - 0x00007ff9b8674000 	C:\WINDOWS\SYSTEM32\dbgcore.DLL
0x00007ff9cf020000 - 0x00007ff9cf0a2000 	C:\WINDOWS\System32\bcryptPrimitives.dll
0x00007ff9c9ca0000 - 0x00007ff9c9cc5000 	C:\Program Files\Java\jdk-17\bin\java.dll
0x00007ff9c9a30000 - 0x00007ff9c9b07000 	C:\Program Files\Java\jdk-17\bin\jsvml.dll
0x00007ff9cfc30000 - 0x00007ff9d0375000 	C:\WINDOWS\System32\SHELL32.dll
0x00007ff9ccde0000 - 0x00007ff9cd57b000 	C:\WINDOWS\SYSTEM32\windows.storage.dll
0x00007ff9cf6e0000 - 0x00007ff9cfa34000 	C:\WINDOWS\System32\combase.dll
0x00007ff9ce790000 - 0x00007ff9ce7be000 	C:\WINDOWS\SYSTEM32\Wldp.dll
0x00007ff9d0a70000 - 0x00007ff9d0b1d000 	C:\WINDOWS\System32\SHCORE.dll
0x00007ff9cfba0000 - 0x00007ff9cfbf5000 	C:\WINDOWS\System32\shlwapi.dll
0x00007ff9cec80000 - 0x00007ff9ceca5000 	C:\WINDOWS\SYSTEM32\profapi.dll
0x00007ff9ca5d0000 - 0x00007ff9ca5e9000 	C:\Program Files\Java\jdk-17\bin\net.dll
0x00007ff9c5610000 - 0x00007ff9c571a000 	C:\WINDOWS\SYSTEM32\WINHTTP.dll
0x00007ff9ce4f0000 - 0x00007ff9ce55a000 	C:\WINDOWS\system32\mswsock.dll
0x00007ff9c9a10000 - 0x00007ff9c9a26000 	C:\Program Files\Java\jdk-17\bin\nio.dll
0x00007ff9c99f0000 - 0x00007ff9c9a08000 	C:\Program Files\Java\jdk-17\bin\zip.dll
0x00007ff9c9c40000 - 0x00007ff9c9c50000 	C:\Program Files\Java\jdk-17\bin\verify.dll
0x00007ff9ca9f0000 - 0x00007ff9caa17000 	C:\Users\Toyem Ryan\.gradle\native\68d5fa5c4cc2d200863cafc0d521ce42e7d3e7ee720ec0a83991735586a16f82\windows-amd64\native-platform.dll
0x00007ff9c98a0000 - 0x00007ff9c99e4000 	C:\Users\Toyem Ryan\.gradle\native\e376f236ea51e6404a007f0833ffe2c6e607c4080706a723a18a27aeea778392\windows-amd64\native-platform-file-events.dll
0x00007ff9c9890000 - 0x00007ff9c989a000 	C:\Program Files\Java\jdk-17\bin\management.dll
0x00007ff9c9880000 - 0x00007ff9c988b000 	C:\Program Files\Java\jdk-17\bin\management_ext.dll
0x00007ff9ce6e0000 - 0x00007ff9ce6f8000 	C:\WINDOWS\SYSTEM32\CRYPTSP.dll
0x00007ff9cdd90000 - 0x00007ff9cddc4000 	C:\WINDOWS\system32\rsaenh.dll
0x00007ff9cf670000 - 0x00007ff9cf697000 	C:\WINDOWS\System32\bcrypt.dll
0x00007ff9cec40000 - 0x00007ff9cec6e000 	C:\WINDOWS\SYSTEM32\USERENV.dll
0x00007ff9ce700000 - 0x00007ff9ce70c000 	C:\WINDOWS\SYSTEM32\CRYPTBASE.dll
0x00007ff9ce190000 - 0x00007ff9ce1cb000 	C:\WINDOWS\SYSTEM32\IPHLPAPI.DLL
0x00007ff9cfb90000 - 0x00007ff9cfb98000 	C:\WINDOWS\System32\NSI.dll
0x00007ff9c76a0000 - 0x00007ff9c76b7000 	C:\WINDOWS\SYSTEM32\dhcpcsvc6.DLL
0x00007ff9c7f80000 - 0x00007ff9c7f9d000 	C:\WINDOWS\SYSTEM32\dhcpcsvc.DLL
0x00007ff9ce1d0000 - 0x00007ff9ce29a000 	C:\WINDOWS\SYSTEM32\DNSAPI.dll
0x00007ff9cac00000 - 0x00007ff9cac0e000 	C:\Program Files\Java\jdk-17\bin\sunmscapi.dll
0x00007ff9cf510000 - 0x00007ff9cf66e000 	C:\WINDOWS\System32\CRYPT32.dll
0x00007ff9ce800000 - 0x00007ff9ce828000 	C:\WINDOWS\SYSTEM32\ncrypt.dll
0x00007ff9ce7c0000 - 0x00007ff9ce7fb000 	C:\WINDOWS\SYSTEM32\NTASN1.dll
0x00007ff9bd270000 - 0x00007ff9bd277000 	C:\WINDOWS\system32\wshunix.dll
0x00007ff9ab740000 - 0x00007ff9ab757000 	C:\WINDOWS\system32\napinsp.dll
0x00007ff9ab6f0000 - 0x00007ff9ab70b000 	C:\WINDOWS\system32\pnrpnsp.dll
0x00007ff9ab6d0000 - 0x00007ff9ab6e5000 	C:\WINDOWS\system32\wshbth.dll
0x00007ff9caa50000 - 0x00007ff9caa6d000 	C:\WINDOWS\system32\NLAapi.dll
0x00007ff9ab270000 - 0x00007ff9ab282000 	C:\WINDOWS\System32\winrnr.dll
0x00007ff9bb590000 - 0x00007ff9bb59a000 	C:\Windows\System32\rasadhlp.dll
0x00007ff9bb5d0000 - 0x00007ff9bb652000 	C:\WINDOWS\System32\fwpuclnt.dll
0x00007ff9cdeb0000 - 0x00007ff9cdee3000 	C:\WINDOWS\SYSTEM32\ntmarta.dll
0x00007ff9cabe0000 - 0x00007ff9cabe7000 	C:\Program Files\Java\jdk-17\bin\rmi.dll

dbghelp: loaded successfully - version: 4.0.5 - missing functions: none
symbol engine: initialized successfully - sym options: 0x614 - pdb path: .;C:\Program Files\Java\jdk-17\bin;C:\WINDOWS\SYSTEM32;C:\WINDOWS\WinSxS\amd64_microsoft.windows.common-controls_6595b64144ccf1df_6.0.19041.1110_none_60b5254171f9507e;C:\Program Files\Java\jdk-17\bin\server;C:\Users\Toyem Ryan\.gradle\native\68d5fa5c4cc2d200863cafc0d521ce42e7d3e7ee720ec0a83991735586a16f82\windows-amd64;C:\Users\Toyem Ryan\.gradle\native\e376f236ea51e6404a007f0833ffe2c6e607c4080706a723a18a27aeea778392\windows-amd64

VM Arguments:
jvm_args: --add-opens=java.base/java.util=ALL-UNNAMED --add-opens=java.base/java.lang=ALL-UNNAMED --add-opens=java.base/java.lang.invoke=ALL-UNNAMED --add-opens=java.prefs/java.util.prefs=ALL-UNNAMED --add-opens=java.base/java.nio.charset=ALL-UNNAMED --add-opens=java.base/java.net=ALL-UNNAMED --add-opens=java.base/java.util.concurrent.atomic=ALL-UNNAMED -Xmx2048m -Dfile.encoding=UTF-8 -Duser.country=IT -Duser.language=it -Duser.variant 
java_command: org.gradle.launcher.daemon.bootstrap.GradleDaemon 8.0
java_class_path (initial): C:\Users\Toyem Ryan\.gradle\wrapper\dists\gradle-8.0-bin\ca5e32bp14vu59qr306oxotwh\gradle-8.0\lib\gradle-launcher-8.0.jar
Launcher Type: SUN_STANDARD

[Global flags]
     intx CICompilerCount                          = 3                                         {product} {ergonomic}
     uint ConcGCThreads                            = 1                                         {product} {ergonomic}
     uint G1ConcRefinementThreads                  = 4                                         {product} {ergonomic}
   size_t G1HeapRegionSize                         = 1048576                                   {product} {ergonomic}
    uintx GCDrainStackTargetSize                   = 64                                        {product} {ergonomic}
   size_t InitialHeapSize                          = 132120576                                 {product} {ergonomic}
   size_t MarkStackSize                            = 4194304                                   {product} {ergonomic}
   size_t MaxHeapSize                              = 2147483648                                {product} {command line}
   size_t MaxNewSize                               = 1287651328                                {product} {ergonomic}
   size_t MinHeapDeltaBytes                        = 1048576                                   {product} {ergonomic}
   size_t MinHeapSize                              = 8388608                                   {product} {ergonomic}
    uintx NonNMethodCodeHeapSize                   = 5832780                                {pd product} {ergonomic}
    uintx NonProfiledCodeHeapSize                  = 122912730                              {pd product} {ergonomic}
    uintx ProfiledCodeHeapSize                     = 122912730                              {pd product} {ergonomic}
    uintx ReservedCodeCacheSize                    = 251658240                              {pd product} {ergonomic}
     bool SegmentedCodeCache                       = true                                      {product} {ergonomic}
   size_t SoftMaxHeapSize                          = 2147483648                             {manageable} {ergonomic}
     bool UseCompressedClassPointers               = true                           {product lp64_product} {ergonomic}
     bool UseCompressedOops                        = true                           {product lp64_product} {ergonomic}
     bool UseG1GC                                  = true                                      {product} {ergonomic}
     bool UseLargePagesIndividualAllocation        = false                                  {pd product} {ergonomic}

Logging:
Log output configuration:
 #0: stdout all=warning uptime,level,tags
 #1: stderr all=off uptime,level,tags

Environment Variables:
JAVA_HOME=C:\Users\Toyem Ryan\.jdks\corretto-11.0.16.1
PATH=C:\Program Files\Common Files\Oracle\Java\javapath;C:\Program Files (x86)\Common Files\Intel\Shared Libraries\redist\intel64\compiler;C:\Program Files (x86)\Common Files\Oracle\Java\javapath;C:\WINDOWS\system32;C:\WINDOWS;C:\WINDOWS\System32\Wbem;C:\WINDOWS\System32\WindowsPowerShell\v1.0\;C:\WINDOWS\System32\OpenSSH\;C:\Program Files (x86)\NVIDIA Corporation\PhysX\Common;C:\Program Files\NVIDIA Corporation\NVIDIA NvDLISR;C:\Program Files\Java\jdk1.8.0_281\bin;C:\Program Files\dotnet\;C:\Program Files\Git\cmd;C:\src\flutter\bin;C:\Users\Toyem Ryan\AppData\Local\Microsoft\WindowsApps
USERNAME=Toyem Ryan
OS=Windows_NT
PROCESSOR_IDENTIFIER=Intel64 Family 6 Model 78 Stepping 3, GenuineIntel



---------------  S Y S T E M  ---------------

OS:
 Windows 10 , 64 bit Build 19041 (10.0.19041.3393)
OS uptime: 0 days 6:48 hours

CPU: total 4 (initial active 4) (2 cores per cpu, 2 threads per core) family 6 model 78 stepping 3 microcode 0xcc, cx8, cmov, fxsr, ht, mmx, 3dnowpref, sse, sse2, sse3, ssse3, sse4.1, sse4.2, popcnt, lzcnt, tsc, tscinvbit, avx, avx2, aes, erms, clmul, bmi1, bmi2, adx, fma, vzeroupper, clflush, clflushopt

Memory: 4k page, system-wide physical 8059M (513M free)
TotalPageFile size 12075M (AvailPageFile size 588M)
current process WorkingSet (physical memory assigned to process): 582M, peak: 587M
current process commit charge ("private bytes"): 657M, peak: 1251M

vm_info: Java HotSpot(TM) 64-Bit Server VM (17.0.8+9-LTS-211) for windows-amd64 JRE (17.0.8+9-LTS-211), built on Jun 14 2023 10:34:31 by "mach5one" with MS VC++ 17.1 (VS2022)

END.
