#
# There is insufficient memory for the Java Runtime Environment to continue.
# Native memory allocation (mmap) failed to map 132120576 bytes for G1 virtual space
# Possible reasons:
#   The system is out of physical RAM or swap space
#   The process is running with CompressedOops enabled, and the Java Heap may be blocking the growth of the native heap
# Possible solutions:
#   Reduce memory load on the system
#   Increase physical memory or swap space
#   Check if swap backing store is full
#   Decrease Java heap size (-Xmx/-Xms)
#   Decrease number of Java threads
#   Decrease Java thread stack sizes (-Xss)
#   Set larger code cache with -XX:ReservedCodeCacheSize=
#   JVM is running with Unscaled Compressed Oops mode in which the Java heap is
#     placed in the first 4GB address space. The Java Heap base address is the
#     maximum limit for the native heap growth. Please use -XX:HeapBaseMinAddress
#     to set the Java Heap base and to place the Java Heap above 4GB virtual address.
# This output file may be truncated or incomplete.
#
#  Out of Memory Error (os_windows.cpp:3769), pid=9636, tid=9668
#
# JRE version:  (17.0.6) (build )
# Java VM: OpenJDK 64-Bit Server VM (17.0.6+0-b2043.56-10027231, mixed mode, sharing, tiered, compressed oops, compressed class ptrs, g1 gc, windows-amd64)
# No core dump will be written. Minidumps are not enabled by default on client versions of Windows
#

---------------  S U M M A R Y ------------

Command Line: -Djava.awt.headless=true -Dorg.gradle.internal.worker.tmpdir=C:\Users\Toyem Ryan\AndroidStudioProjects\MeteoApp\app\build\tmp\testDebugUnitTest\work -Dorg.gradle.native=false -agentlib:jdwp=transport=dt_socket,server=n,suspend=y,address=127.0.0.1:51763 -javaagent:C:\Users\Toyem Ryan\.gradle\caches\modules-2\files-2.1\org.jetbrains.kotlinx\kotlinx-coroutines-core-jvm\1.8.0-RC2\7bb4e7056dbe2bab0e5584928cde6b0a4e03f264\kotlinx-coroutines-core-jvm-1.8.0-RC2.jar -Xmx512m -Dfile.encoding=UTF-8 -Duser.country=IT -Duser.language=it -Duser.variant -ea worker.org.gradle.process.internal.worker.GradleWorkerMain 'Gradle Test Executor 1'

Host: Intel(R) Core(TM) i7-6500U CPU @ 2.50GHz, 4 cores, 7G,  Windows 10 , 64 bit Build 19041 (10.0.19041.3636)
Time: Sat Jan  6 04:51:06 2024 ora solare Europa occidentale elapsed time: 0.075649 seconds (0d 0h 0m 0s)

---------------  T H R E A D  ---------------

Current thread (0x000002697a149b70):  JavaThread "Unknown thread" [_thread_in_vm, id=9668, stack(0x000000b321100000,0x000000b321200000)]

Stack: [0x000000b321100000,0x000000b321200000]
Native frames: (J=compiled Java code, j=interpreted, Vv=VM code, C=native code)
V  [jvm.dll+0x683c9a]
V  [jvm.dll+0x8427a4]
V  [jvm.dll+0x843f9e]
V  [jvm.dll+0x844603]
V  [jvm.dll+0x249b75]
V  [jvm.dll+0x680b69]
V  [jvm.dll+0x67505a]
V  [jvm.dll+0x309acb]
V  [jvm.dll+0x310f86]
V  [jvm.dll+0x3608ee]
V  [jvm.dll+0x360b1f]
V  [jvm.dll+0x2dfbf8]
V  [jvm.dll+0x2e0b64]
V  [jvm.dll+0x814091]
V  [jvm.dll+0x36e6a1]
V  [jvm.dll+0x7f35cc]
V  [jvm.dll+0x3f0e8f]
V  [jvm.dll+0x3f29d1]
C  [jli.dll+0x526b]
C  [ucrtbase.dll+0x21bb2]
C  [KERNEL32.DLL+0x17344]
C  [ntdll.dll+0x526b1]


---------------  P R O C E S S  ---------------

Threads class SMR info:
_java_thread_list=0x00007ffcccabc058, length=0, elements={
}

Java Threads: ( => current thread )

Other Threads:
  0x000002697a19d860 GCTaskThread "GC Thread#0" [stack: 0x000000b321200000,0x000000b321300000] [id=7916]
  0x000002697a19ee20 ConcurrentGCThread "G1 Main Marker" [stack: 0x000000b321300000,0x000000b321400000] [id=14364]
  0x000002697a19f740 ConcurrentGCThread "G1 Conc#0" [stack: 0x000000b321400000,0x000000b321500000] [id=15944]

[error occurred during error reporting (printing all threads), id 0xc0000005, EXCEPTION_ACCESS_VIOLATION (0xc0000005) at pc=0x00007ffccc270797]

VM state: not at safepoint (not fully initialized)

VM Mutex/Monitor currently owned by a thread:  ([mutex/lock_event])
[0x000002697a146690] Heap_lock - owner thread: 0x000002697a149b70

Heap address: 0x00000000e0000000, size: 512 MB, Compressed Oops mode: 32-bit

CDS archive(s) mapped at: [0x0000000000000000-0x0000000000000000-0x0000000000000000), size 0, SharedBaseAddress: 0x0000000800000000, ArchiveRelocationMode: 0.
Narrow klass base: 0x0000000000000000, Narrow klass shift: 0, Narrow klass range: 0x0

GC Precious Log:
<Empty>

Heap:
 garbage-first heap   total 0K, used 0K [0x00000000e0000000, 0x0000000100000000)
  region size 1024K, 0 young (0K), 0 survivors (0K)

[error occurred during error reporting (printing heap information), id 0xc0000005, EXCEPTION_ACCESS_VIOLATION (0xc0000005) at pc=0x00007ffccc65da89]

GC Heap History (0 events):
No events

Dll operation events (1 events):
Event: 0.046 Loaded shared library C:\Program Files\Android\Android Studio\jbr\bin\java.dll

Deoptimization events (0 events):
No events

Classes unloaded (0 events):
No events

Classes redefined (0 events):
No events

Internal exceptions (0 events):
No events

VM Operations (0 events):
No events

Events (0 events):
No events


Dynamic libraries:
0x00007ff6937e0000 - 0x00007ff6937ea000 	C:\Program Files\Android\Android Studio\jbr\bin\java.exe
0x00007ffd39ad0000 - 0x00007ffd39cc8000 	C:\WINDOWS\SYSTEM32\ntdll.dll
0x00007ffd39130000 - 0x00007ffd391ed000 	C:\WINDOWS\System32\KERNEL32.DLL
0x00007ffd37630000 - 0x00007ffd37926000 	C:\WINDOWS\System32\KERNELBASE.dll
0x00007ffd37460000 - 0x00007ffd37560000 	C:\WINDOWS\System32\ucrtbase.dll
0x00007ffd30c70000 - 0x00007ffd30c8b000 	C:\Program Files\Android\Android Studio\jbr\bin\VCRUNTIME140.dll
0x00007ffcd1bb0000 - 0x00007ffcd1bc7000 	C:\Program Files\Android\Android Studio\jbr\bin\jli.dll
0x00007ffd37d20000 - 0x00007ffd37ebe000 	C:\WINDOWS\System32\USER32.dll
0x00007ffd375d0000 - 0x00007ffd375f2000 	C:\WINDOWS\System32\win32u.dll
0x00007ffd391f0000 - 0x00007ffd3921c000 	C:\WINDOWS\System32\GDI32.dll
0x00007ffd23e90000 - 0x00007ffd2412a000 	C:\WINDOWS\WinSxS\amd64_microsoft.windows.common-controls_6595b64144ccf1df_6.0.19041.3636_none_60b6a03d71f818d5\COMCTL32.dll
0x00007ffd37a10000 - 0x00007ffd37b2a000 	C:\WINDOWS\System32\gdi32full.dll
0x00007ffd371b0000 - 0x00007ffd3724d000 	C:\WINDOWS\System32\msvcp_win.dll
0x00007ffd39910000 - 0x00007ffd399ae000 	C:\WINDOWS\System32\msvcrt.dll
0x00007ffd37c50000 - 0x00007ffd37c80000 	C:\WINDOWS\System32\IMM32.DLL
0x00007ffd32df0000 - 0x00007ffd32dfc000 	C:\Program Files\Android\Android Studio\jbr\bin\vcruntime140_1.dll
0x00007ffd0b1c0000 - 0x00007ffd0b24d000 	C:\Program Files\Android\Android Studio\jbr\bin\msvcp140.dll
0x00007ffccbf80000 - 0x00007ffcccbee000 	C:\Program Files\Android\Android Studio\jbr\bin\server\jvm.dll
0x00007ffd39020000 - 0x00007ffd390cf000 	C:\WINDOWS\System32\ADVAPI32.dll
0x00007ffd37c80000 - 0x00007ffd37d1c000 	C:\WINDOWS\System32\sechost.dll
0x00007ffd397e0000 - 0x00007ffd39906000 	C:\WINDOWS\System32\RPCRT4.dll
0x00007ffd1cde0000 - 0x00007ffd1cde9000 	C:\WINDOWS\SYSTEM32\WSOCK32.dll
0x00007ffd301e0000 - 0x00007ffd301ea000 	C:\WINDOWS\SYSTEM32\VERSION.dll
0x00007ffd22660000 - 0x00007ffd22687000 	C:\WINDOWS\SYSTEM32\WINMM.dll
0x00007ffd393f0000 - 0x00007ffd3945b000 	C:\WINDOWS\System32\WS2_32.dll
0x00007ffd35070000 - 0x00007ffd35082000 	C:\WINDOWS\SYSTEM32\kernel.appcore.dll
0x00007ffd10bc0000 - 0x00007ffd10bca000 	C:\Program Files\Android\Android Studio\jbr\bin\jimage.dll
0x00007ffd319a0000 - 0x00007ffd31b84000 	C:\WINDOWS\SYSTEM32\DBGHELP.DLL
0x00007ffd1f6c0000 - 0x00007ffd1f6f4000 	C:\WINDOWS\SYSTEM32\dbgcore.DLL
0x00007ffd37930000 - 0x00007ffd379b2000 	C:\WINDOWS\System32\bcryptPrimitives.dll
0x00007ffd2ed60000 - 0x00007ffd2ed9b000 	C:\Program Files\Android\Android Studio\jbr\bin\jdwp.dll
0x00007ffce7660000 - 0x00007ffce766e000 	C:\Program Files\Android\Android Studio\jbr\bin\instrument.dll
0x00007ffcfe9b0000 - 0x00007ffcfe9d5000 	C:\Program Files\Android\Android Studio\jbr\bin\java.dll

dbghelp: loaded successfully - version: 4.0.5 - missing functions: none
symbol engine: initialized successfully - sym options: 0x614 - pdb path: .;C:\Program Files\Android\Android Studio\jbr\bin;C:\WINDOWS\SYSTEM32;C:\WINDOWS\WinSxS\amd64_microsoft.windows.common-controls_6595b64144ccf1df_6.0.19041.3636_none_60b6a03d71f818d5;C:\Program Files\Android\Android Studio\jbr\bin\server

VM Arguments:
jvm_args: -Djava.awt.headless=true -Dorg.gradle.internal.worker.tmpdir=C:\Users\Toyem Ryan\AndroidStudioProjects\MeteoApp\app\build\tmp\testDebugUnitTest\work -Dorg.gradle.native=false -agentlib:jdwp=transport=dt_socket,server=n,suspend=y,address=127.0.0.1:51763 -javaagent:C:\Users\Toyem Ryan\.gradle\caches\modules-2\files-2.1\org.jetbrains.kotlinx\kotlinx-coroutines-core-jvm\1.8.0-RC2\7bb4e7056dbe2bab0e5584928cde6b0a4e03f264\kotlinx-coroutines-core-jvm-1.8.0-RC2.jar -Xmx512m -Dfile.encoding=UTF-8 -Duser.country=IT -Duser.language=it -Duser.variant -ea 
java_command: worker.org.gradle.process.internal.worker.GradleWorkerMain 'Gradle Test Executor 1'
java_class_path (initial): C:\Users\Toyem Ryan\.gradle\caches\8.0\workerMain\gradle-worker.jar;C:\Users\Toyem Ryan\AndroidStudioProjects\MeteoApp\app\build\tmp\kotlin-classes\debugUnitTest;C:\Users\Toyem Ryan\AndroidStudioProjects\MeteoApp\app\build\tmp\kapt3\classes\debugUnitTest;C:\Users\Toyem Ryan\AndroidStudioProjects\MeteoApp\app\build\intermediates\java_res\debugUnitTest\out;C:\Users\Toyem Ryan\AndroidStudioProjects\MeteoApp\app\build\intermediates\runtime_app_classes_jar\debug\classes.jar;C:\Users\Toyem Ryan\.gradle\caches\modules-2\files-2.1\junit\junit\4.13.2\8ac9e16d933b6fb43bc7f576336b8f4d7eb5ba12\junit-4.13.2.jar;C:\Users\Toyem Ryan\.gradle\caches\modules-2\files-2.1\org.jetbrains.kotlinx\kotlinx-coroutines-test-jvm\1.8.0-RC2\8a171cf66bd2e49c9d717502fbab3a07951ea16d\kotlinx-coroutines-test-jvm-1.8.0-RC2.jar;C:\Users\Toyem Ryan\.gradle\caches\transforms-3\bb0653bca3b75e13f24e7d0706ddcb89\transformed\databinding-ktx-8.1.1-runtime.jar;C:\Users\Toyem Ryan\.gradle\caches\transforms-3\9914407895b97406b122a4ea4b3b72ba\transformed\databinding-adapters-8.1.1-runtime.jar;C:\Users\Toyem Ryan\.gradle\caches\transforms-3\e097b51a710ac3d9e5440da87f883aaa\transformed\databinding-runtime-8.1.1-runtime.jar;C:\Users\Toyem Ryan\.gradle\caches\transforms-3\93b87b6f65e3e06b6c5e4c887091386a\transformed\navigation-ui-ktx-2.3.0-runtime.jar;C:\Users\Toyem Ryan\.gradle\caches\transforms-3\8d519f82d62acd810ff912e5a3167004\transformed\navigation-ui-2.3.0-runtime.jar;C:\Users\Toyem Ryan\.gradle\caches\transforms-3\0cb5cb0863620ac3bb32808e3d255d1f\transformed\material-1.9.0-runtime.jar;C:\Users\Toyem Ryan\.gradle\caches\transforms-3\ffa012f90cd32bd2284ebb95b5fbae55\transformed\constraintlayout-2.1.4-runtime.jar;C:\Users\Toyem Ryan\.gradle\caches\transforms-3\ac5f52de4743c2a610013fdaaf9c957a\transformed\lottie-6.0.1-runtime.jar;C:\Users\Toyem Ryan\.gradle\caches\transforms-3\a69e52fb11df0dec296b4a44c2e48668\transformed\places-3.2.0-runtime.jar;C:\Users\Toyem Ryan\.gradle\caches\tran
Launcher Type: SUN_STANDARD

[Global flags]
     intx CICompilerCount                          = 3                                         {product} {ergonomic}
     uint ConcGCThreads                            = 1                                         {product} {ergonomic}
     uint G1ConcRefinementThreads                  = 4                                         {product} {ergonomic}
   size_t G1HeapRegionSize                         = 1048576                                   {product} {ergonomic}
    uintx GCDrainStackTargetSize                   = 64                                        {product} {ergonomic}
   size_t InitialHeapSize                          = 132120576                                 {product} {ergonomic}
   size_t MarkStackSize                            = 4194304                                   {product} {ergonomic}
   size_t MaxHeapSize                              = 536870912                                 {product} {command line}
   size_t MinHeapDeltaBytes                        = 1048576                                   {product} {ergonomic}
   size_t MinHeapSize                              = 8388608                                   {product} {ergonomic}
    uintx NonNMethodCodeHeapSize                   = 5832780                                {pd product} {ergonomic}
    uintx NonProfiledCodeHeapSize                  = 122912730                              {pd product} {ergonomic}
    uintx ProfiledCodeHeapSize                     = 122912730                              {pd product} {ergonomic}
    uintx ReservedCodeCacheSize                    = 251658240                              {pd product} {ergonomic}
     bool SegmentedCodeCache                       = true                                      {product} {ergonomic}
   size_t SoftMaxHeapSize                          = 536870912                              {manageable} {ergonomic}
     bool UseCompressedClassPointers               = true                           {product lp64_product} {ergonomic}
     bool UseCompressedOops                        = true                           {product lp64_product} {ergonomic}
     bool UseG1GC                                  = true                                      {product} {ergonomic}
     bool UseLargePagesIndividualAllocation        = false                                  {pd product} {ergonomic}

Logging:
Log output configuration:
 #0: stdout all=warning uptime,level,tags
 #1: stderr all=off uptime,level,tags

Environment Variables:
JAVA_HOME=C:\Users\Toyem Ryan\.jdks\corretto-11.0.16.1
PATH=C:\Program Files\Common Files\Oracle\Java\javapath;C:\Program Files (x86)\Common Files\Intel\Shared Libraries\redist\intel64\compiler;C:\Program Files (x86)\Common Files\Oracle\Java\javapath;C:\WINDOWS\system32;C:\WINDOWS;C:\WINDOWS\System32\Wbem;C:\WINDOWS\System32\WindowsPowerShell\v1.0\;C:\WINDOWS\System32\OpenSSH\;C:\Program Files (x86)\NVIDIA Corporation\PhysX\Common;C:\Program Files\NVIDIA Corporation\NVIDIA NvDLISR;C:\Program Files\Java\jdk1.8.0_281\bin;C:\Program Files\dotnet\;C:\Program Files\Git\cmd;C:\src\flutter\bin;C:\Users\Toyem Ryan\AppData\Local\Microsoft\WindowsApps
USERNAME=Toyem Ryan
OS=Windows_NT
PROCESSOR_IDENTIFIER=Intel64 Family 6 Model 78 Stepping 3, GenuineIntel
TMP=C:\Users\TOYEMR~1\AppData\Local\Temp
TEMP=C:\Users\TOYEMR~1\AppData\Local\Temp


JNI global refs:

[error occurred during error reporting (JNI global references), id 0xc0000005, EXCEPTION_ACCESS_VIOLATION (0xc0000005) at pc=0x00007ffccc037a10]


---------------  S Y S T E M  ---------------

OS:
 Windows 10 , 64 bit Build 19041 (10.0.19041.3636)
OS uptime: 0 days 3:09 hours

CPU: total 4 (initial active 4) (2 cores per cpu, 2 threads per core) family 6 model 78 stepping 3 microcode 0xcc, cx8, cmov, fxsr, ht, mmx, 3dnowpref, sse, sse2, sse3, ssse3, sse4.1, sse4.2, popcnt, lzcnt, tsc, tscinvbit, avx, avx2, aes, erms, clmul, bmi1, bmi2, adx, fma, vzeroupper, clflush, clflushopt

Memory: 4k page, system-wide physical 8059M (203M free)
TotalPageFile size 12075M (AvailPageFile size 55M)
current process WorkingSet (physical memory assigned to process): 10M, peak: 10M
current process commit charge ("private bytes"): 51M, peak: 177M

vm_info: OpenJDK 64-Bit Server VM (17.0.6+0-b2043.56-10027231) for windows-amd64 JRE (17.0.6+0-b2043.56-10027231), built on Apr 28 2023 00:43:19 by "androidbuild" with MS VC++ 16.10 / 16.11 (VS2019)

END.
